[16:34:34] [main/INFO] (Launcher) ModLauncher running: args [--launchTarget, forgeclientdev, --version, 21.1.215, --assetIndex, 1.21.1-17, --assetsDir, /Users/arseniyradaev/.gradle/caches/fabric-loom/assets, --gameDir, ., --fml.fmlVersion, 4.0.42, --fml.mcVersion, 1.21.1, --fml.neoForgeVersion, 21.1.215, --fml.neoFormVersion, 20240808.144430]
[16:34:34] [main/INFO] (Launcher) JVM identified as Eclipse Adoptium OpenJDK 64-Bit Server VM 23.0.2+7
[16:34:34] [main/INFO] (Launcher) ModLauncher 11.0.5+main.901c6ea8 starting: java version 23.0.2 by Eclipse Adoptium; OS Mac OS X arch aarch64 version 26.1
[16:34:34] [main/INFO] (unprotect) Initializing Unprotect using ModLauncher backend, target: Minecraft and loader classes (minecraft+forge)
[16:34:34] [main/INFO] (ImmediateWindowHandler) Loading ImmediateWindowProvider fmlearlywindow
[16:34:34] [main/INFO] (EARLYDISPLAY) Trying GL version 4.6
[16:34:34] [main/INFO] (EARLYDISPLAY) Trying GL version 4.5
[16:34:34] [main/INFO] (EARLYDISPLAY) Trying GL version 4.4
[16:34:34] [main/INFO] (EARLYDISPLAY) Trying GL version 4.3
[16:34:34] [main/INFO] (EARLYDISPLAY) Trying GL version 4.2
[16:34:34] [main/INFO] (EARLYDISPLAY) Trying GL version 4.1
[16:34:34] [main/INFO] (EARLYDISPLAY) Requested GL version 4.1 got version 4.1
[16:34:34] [main/INFO] (mixin) SpongePowered MIXIN Subsystem Version=0.8.7 Source=union:/Users/arseniyradaev/.gradle/caches/modules-2/files-2.1/net.fabricmc/sponge-mixin/0.15.2+mixin.0.8.7/2af2f021d8e02a0220dc27a7a72b4666d66d44ca/sponge-mixin-0.15.2+mixin.0.8.7.jar%23119!/ Service=ModLauncher Env=CLIENT
[16:34:34] [main/INFO] (ModDiscoverer) Found mod file "neoforge-21.1.215-minecraft-merged-1.21.1-loom.mappings.1_21_1.layered+hash.40359-v2-neoforge-21.1.215.jar" [locator: neoforge devenv provider ([/Users/arseniyradaev/.gradle/caches/fabric-loom/minecraftMaven/net/minecraft/neoforge-21.1.215-minecraft-merged/1.21.1-loom.mappings.1_21_1.layered+hash.40359-v2-neoforge-21.1.215/neoforge-21.1.215-minecraft-merged-1.21.1-loom.mappings.1_21_1.layered+hash.40359-v2-neoforge-21.1.215.jar])]
[16:34:35] [main/INFO] (ModDiscoverer) Found mod file "neoforge-21.1.215-minecraft-merged-1.21.1-loom.mappings.1_21_1.layered+hash.40359-v2-neoforge-21.1.215.jar" [locator: neoforge devenv provider ([/Users/arseniyradaev/.gradle/caches/fabric-loom/minecraftMaven/net/minecraft/neoforge-21.1.215-minecraft-merged/1.21.1-loom.mappings.1_21_1.layered+hash.40359-v2-neoforge-21.1.215/neoforge-21.1.215-minecraft-merged-1.21.1-loom.mappings.1_21_1.layered+hash.40359-v2-neoforge-21.1.215.jar])]
[16:34:35] [main/INFO] (ModDiscoverer) Found mod file "main" [locator: userdev mods and services, reader: mod manifest]
[16:34:35] [main/INFO] (ModDiscoverer) Found mod file "neoforge-21.1.215-minecraft-merged-1.21.1-loom.mappings.1_21_1.layered+hash.40359-v2-neoforge-21.1.215.jar" [locator: userdev mods and services, reader: mod manifest]
[16:34:35] [main/INFO] (ModDiscoverer) Found mod file "architectury-neoforge-0311eecf-13.0.8.jar" [locator: userdev mods and services, reader: mod manifest]
[16:34:35] [pool-5-thread-1/INFO] (EARLYDISPLAY) GL info: Apple M1 Pro GL version 4.1 Metal - 90.5, Apple
[16:34:35] [main/INFO] (ModDiscoverer) Found mod file "cloth-config-neoforge-0311eecf-15.0.140-neoforge.jar" [locator: userdev mods and services, reader: mod manifest]
[16:34:35] [main/INFO] (ModDiscoverer) Found mod file "2238432547497104892.jar" [locator: userdev mods and services, reader: mod manifest]
[16:34:35] [main/INFO] (ModDiscoverer) Found gamelibrary file "mixinextras-neoforge-0.5.0.jar" [locator: userdev mods and services, reader: mod manifest]
[16:34:35] [main/WARN] (JarSelector) Attempted to select a dependency jar for JarJar which was passed in as source: library:mixinextras.neoforge. Using Mod File: /Users/arseniyradaev/.gradle/caches/modules-2/files-2.1/io.github.llamalad7/mixinextras-neoforge/0.5.0/d734b83ce6542bb70ea31755c1595b88992dbe65/mixinextras-neoforge-0.5.0.jar
[16:34:35] [main/INFO] (JarInJarDependencyLocator) Found 1 dependencies adding them to mods collection
[16:34:35] [main/INFO] (ModDiscoverer) Found library file "net.neoforged.neoforge-coremods-21.1.215.jar" [parent: neoforge-21.1.215-minecraft-merged-1.21.1-loom.mappings.1_21_1.layered+hash.40359-v2-neoforge-21.1.215.jar, locator: jarinjar, reader: mod manifest]
[16:34:35] [main/INFO] (ModDiscoverer) 
     Mod List:
		Name Version (Mod Id)

		Architectury 13.0.8 (architectury)
		Cloth Config v15 API 15.0.140 (cloth_config)
		generated_a915053 1 (generated_a915053)
		Item Flicker 1.0.0-1.21.1 (itemflicker)
		Minecraft 1.21.1 (minecraft)
		NeoForge 21.1.215 (neoforge)
[16:34:35] [main/INFO] (mixin) Compatibility level set to JAVA_21
[16:34:35] [main/INFO] (LaunchServiceHandler) Launching target 'forgeclientdev' with arguments [--version, 21.1.215, --gameDir, ., --assetsDir, /Users/arseniyradaev/.gradle/caches/fabric-loom/assets, --assetIndex, 1.21.1-17]
[16:34:35] [main/INFO] (unprotect) Found 8254 Minecraft classes
[16:34:35] [main/INFO] (MixinExtras|Service) Initializing MixinExtras via com.llamalad7.mixinextras.service.MixinExtrasServiceImpl(version=0.5.0).
[26дек.2025 16:34:36.653] [Datafixer Bootstrap/INFO] [com.mojang.datafixers.DataFixerBuilder/]: 229 Datafixer optimizations took 117 milliseconds
[26дек.2025 16:34:40.612] [main/WARN] [net.minecraft.commands.Commands/]: Ambiguity between arguments [teleport, location] and [teleport, destination] with inputs: [0.1 -0.5 .9, 0 0 0]
[26дек.2025 16:34:40.613] [main/WARN] [net.minecraft.commands.Commands/]: Ambiguity between arguments [teleport, location] and [teleport, targets] with inputs: [0.1 -0.5 .9, 0 0 0]
[26дек.2025 16:34:40.615] [main/WARN] [net.minecraft.commands.Commands/]: Ambiguity between arguments [teleport, destination] and [teleport, targets] with inputs: [Player, 0123, @e, dd12be42-52a9-4a91-a8a1-11c01849e498]
[26дек.2025 16:34:40.616] [main/WARN] [net.minecraft.commands.Commands/]: Ambiguity between arguments [teleport, targets] and [teleport, destination] with inputs: [Player, 0123, dd12be42-52a9-4a91-a8a1-11c01849e498]
[26дек.2025 16:34:40.617] [main/WARN] [net.minecraft.commands.Commands/]: Ambiguity between arguments [teleport, targets, location] and [teleport, targets, destination] with inputs: [0.1 -0.5 .9, 0 0 0]
[26дек.2025 16:34:40.699] [Render thread/WARN] [net.minecraft.server.packs.VanillaPackResourcesBuilder/]: Assets URL 'union:/Users/arseniyradaev/.gradle/caches/fabric-loom/minecraftMaven/net/minecraft/neoforge-21.1.215-minecraft-merged/1.21.1-loom.mappings.1_21_1.layered+hash.40359-v2-neoforge-21.1.215/neoforge-21.1.215-minecraft-merged-1.21.1-loom.mappings.1_21_1.layered+hash.40359-v2-neoforge-21.1.215.jar%23195!/assets/.mcassetsroot' uses unexpected schema
[26дек.2025 16:34:40.699] [Render thread/WARN] [net.minecraft.server.packs.VanillaPackResourcesBuilder/]: Assets URL 'union:/Users/arseniyradaev/.gradle/caches/fabric-loom/minecraftMaven/net/minecraft/neoforge-21.1.215-minecraft-merged/1.21.1-loom.mappings.1_21_1.layered+hash.40359-v2-neoforge-21.1.215/neoforge-21.1.215-minecraft-merged-1.21.1-loom.mappings.1_21_1.layered+hash.40359-v2-neoforge-21.1.215.jar%23195!/data/.mcassetsroot' uses unexpected schema
[26дек.2025 16:34:40.714] [Render thread/INFO] [com.mojang.authlib.yggdrasil.YggdrasilAuthenticationService/]: Environment: Environment[sessionHost=https://sessionserver.mojang.com, servicesHost=https://api.minecraftservices.com, name=PROD]
[26дек.2025 16:34:40.721] [Render thread/INFO] [net.minecraft.client.Minecraft/]: Setting user: Dev
[26дек.2025 16:34:40.772] [Render thread/INFO] [net.minecraft.client.Minecraft/]: Backend library: LWJGL version 3.3.3+5
[26дек.2025 16:34:41.153] [modloading-worker-0/INFO] [net.neoforged.neoforge.common.NeoForgeMod/NEOFORGE-MOD]: NeoForge mod loading, version 21.1.215, for MC 1.21.1
[26дек.2025 16:34:41.688] [Render thread/INFO] [net.neoforged.neoforge.gametest.GameTestHooks/]: Enabled Gametest Namespaces: []
[26дек.2025 16:34:42.445] [Render thread/INFO] [net.minecraft.server.packs.resources.ReloadableResourceManager/]: Reloading ResourceManager: vanilla, mod_resources, mod/generated_a915053, mod/cloth_config, mod/architectury, mod/itemflicker, mod/neoforge
[26дек.2025 16:34:42.499] [Worker-Main-4/INFO] [net.minecraft.client.gui.font.providers.UnihexProvider/]: Found unifont_all_no_pua-15.1.05.hex, loading
[26дек.2025 16:34:42.637] [Worker-Main-8/INFO] [net.minecraft.client.gui.font.providers.UnihexProvider/]: Found unifont_jp_patch-15.1.05.hex, loading
[26дек.2025 16:34:43.510] [Render thread/WARN] [net.minecraft.client.sounds.SoundEngine/]: Missing sound for event: minecraft:item.goat_horn.play
[26дек.2025 16:34:43.511] [Render thread/WARN] [net.minecraft.client.sounds.SoundEngine/]: Missing sound for event: minecraft:entity.goat.screaming.horn_break
[26дек.2025 16:34:43.564] [Render thread/INFO] [com.mojang.blaze3d.audio.Library/]: OpenAL initialized on device Динамики MacBook Pro
[26дек.2025 16:34:43.568] [Render thread/INFO] [net.minecraft.client.sounds.SoundEngine/SOUNDS]: Sound engine started
[26дек.2025 16:34:43.632] [Render thread/INFO] [net.minecraft.client.renderer.texture.TextureAtlas/]: Created: 1024x512x4 minecraft:textures/atlas/blocks.png-atlas
[26дек.2025 16:34:43.643] [Render thread/INFO] [net.minecraft.client.renderer.texture.TextureAtlas/]: Created: 256x256x4 minecraft:textures/atlas/signs.png-atlas
[26дек.2025 16:34:43.644] [Render thread/INFO] [net.minecraft.client.renderer.texture.TextureAtlas/]: Created: 512x512x4 minecraft:textures/atlas/shield_patterns.png-atlas
[26дек.2025 16:34:43.645] [Render thread/INFO] [net.minecraft.client.renderer.texture.TextureAtlas/]: Created: 512x512x4 minecraft:textures/atlas/banner_patterns.png-atlas
[26дек.2025 16:34:43.646] [Render thread/INFO] [net.minecraft.client.renderer.texture.TextureAtlas/]: Created: 1024x1024x4 minecraft:textures/atlas/armor_trims.png-atlas
[26дек.2025 16:34:43.650] [Render thread/INFO] [net.minecraft.client.renderer.texture.TextureAtlas/]: Created: 128x64x4 minecraft:textures/atlas/decorated_pot.png-atlas
[26дек.2025 16:34:43.650] [Render thread/INFO] [net.minecraft.client.renderer.texture.TextureAtlas/]: Created: 256x256x4 minecraft:textures/atlas/chest.png-atlas
[26дек.2025 16:34:43.650] [Render thread/INFO] [net.minecraft.client.renderer.texture.TextureAtlas/]: Created: 512x256x4 minecraft:textures/atlas/beds.png-atlas
[26дек.2025 16:34:43.651] [Render thread/INFO] [net.minecraft.client.renderer.texture.TextureAtlas/]: Created: 512x256x4 minecraft:textures/atlas/shulker_boxes.png-atlas
[26дек.2025 16:34:43.799] [Render thread/INFO] [net.minecraft.client.renderer.texture.TextureAtlas/]: Created: 512x256x0 minecraft:textures/atlas/particles.png-atlas
[26дек.2025 16:34:43.800] [Render thread/INFO] [net.minecraft.client.renderer.texture.TextureAtlas/]: Created: 512x256x0 minecraft:textures/atlas/paintings.png-atlas
[26дек.2025 16:34:43.801] [Render thread/INFO] [net.minecraft.client.renderer.texture.TextureAtlas/]: Created: 256x128x0 minecraft:textures/atlas/mob_effects.png-atlas
[26дек.2025 16:34:43.801] [Render thread/INFO] [net.minecraft.client.renderer.texture.TextureAtlas/]: Created: 64x64x0 minecraft:textures/atlas/map_decorations.png-atlas
[26дек.2025 16:34:43.801] [Render thread/INFO] [net.minecraft.client.renderer.texture.TextureAtlas/]: Created: 1024x512x0 minecraft:textures/atlas/gui.png-atlas
[26дек.2025 16:34:43.841] [Render thread/WARN] [net.minecraft.client.renderer.ShaderInstance/]: Shader rendertype_entity_translucent_emissive could not find sampler named Sampler2 in the specified shader program.
[26дек.2025 16:34:43.911] [Render thread/INFO] [net.neoforged.neoforge.client.entity.animation.json.AnimationLoader/]: Loaded 0 entity animations
[26дек.2025 16:34:48.769] [Render thread/WARN] [net.neoforged.neoforge.common.CommonHooks/WP]: The following mods have version differences that were not resolved:
generated_6693181 (version 1 -> MISSING)
itemflicker (version 1.0.0 -> 1.0.0-1.21.1)
Things may not work well.
[26дек.2025 16:34:49.221] [Render thread/INFO] [net.minecraft.world.item.crafting.RecipeManager/]: Loaded 1290 recipes
[26дек.2025 16:34:49.311] [Render thread/INFO] [net.minecraft.advancements.AdvancementTree/]: Loaded 1399 advancements
[26дек.2025 16:34:49.655] [Server thread/INFO] [net.minecraft.client.server.IntegratedServer/]: Starting integrated minecraft server version 1.21.1
[26дек.2025 16:34:49.655] [Server thread/INFO] [net.minecraft.server.MinecraftServer/]: Generating keypair
[26дек.2025 16:34:50.796] [Server thread/INFO] [net.minecraft.server.MinecraftServer/]: Preparing start region for dimension minecraft:overworld
[26дек.2025 16:34:51.057] [progressListener/INFO] [net.minecraft.server.level.progress.LoggerChunkProgressListener/]: Preparing spawn area: 0%
[26дек.2025 16:34:51.121] [Server thread/INFO] [net.neoforged.neoforge.server.permission.PermissionAPI/]: Successfully initialized permission handler neoforge:default_handler
[26дек.2025 16:34:51.135] [progressListener/INFO] [net.minecraft.server.level.progress.LoggerChunkProgressListener/]: Time elapsed: 335 ms
[26дек.2025 16:34:51.181] [Server thread/INFO] [net.minecraft.client.server.IntegratedServer/]: Changing view distance to 12, from 10
[26дек.2025 16:34:51.181] [Server thread/INFO] [net.minecraft.client.server.IntegratedServer/]: Changing simulation distance to 12, from 0
[26дек.2025 16:34:51.521] [Server thread/INFO] [net.minecraft.server.players.PlayerList/]: Dev[local:E:0415f8b1] logged in with entity id 73 at (-215.3402033093539, 63.0, -240.51120908026894)
[26дек.2025 16:34:51.570] [Server thread/INFO] [net.minecraft.server.MinecraftServer/]: Dev joined the game
[26дек.2025 16:34:51.654] [Render thread/INFO] [net.minecraft.advancements.AdvancementTree/]: Loaded 20 advancements
[26дек.2025 16:34:56.272] [Server thread/INFO] [net.minecraft.client.server.IntegratedServer/]: Saving and pausing game...
[26дек.2025 16:34:56.281] [Server thread/INFO] [net.minecraft.server.MinecraftServer/]: Saving chunks for level 'ServerLevel[New World]'/minecraft:overworld
[26дек.2025 16:34:56.295] [Server thread/INFO] [net.minecraft.server.MinecraftServer/]: Saving chunks for level 'ServerLevel[New World]'/minecraft:the_end
[26дек.2025 16:34:56.298] [Server thread/INFO] [net.minecraft.server.MinecraftServer/]: Saving chunks for level 'ServerLevel[New World]'/minecraft:the_nether
[26дек.2025 16:34:58.415] [Render thread/ERROR] [me.shedaniel.autoconfig.gui.registry.DefaultGuiRegistryAccess/]: No GUI provider registered for field 'private static com.imeetake.itemflicker.config.ItemFlickerConfig com.imeetake.itemflicker.config.ItemFlickerConfig.instance'!
[26дек.2025 16:35:10.722] [Server thread/INFO] [net.minecraft.client.server.IntegratedServer/]: Saving and pausing game...
[26дек.2025 16:35:10.726] [Server thread/INFO] [net.minecraft.server.MinecraftServer/]: Saving chunks for level 'ServerLevel[New World]'/minecraft:overworld
[26дек.2025 16:35:10.731] [Server thread/INFO] [net.minecraft.server.MinecraftServer/]: Saving chunks for level 'ServerLevel[New World]'/minecraft:the_end
[26дек.2025 16:35:10.731] [Server thread/INFO] [net.minecraft.server.MinecraftServer/]: Saving chunks for level 'ServerLevel[New World]'/minecraft:the_nether
[26дек.2025 16:35:11.178] [Server thread/INFO] [net.minecraft.server.network.ServerGamePacketListenerImpl/]: Dev lost connection: Disconnected
[26дек.2025 16:35:11.179] [Server thread/INFO] [net.minecraft.server.MinecraftServer/]: Dev left the game
[26дек.2025 16:35:11.185] [Server thread/INFO] [net.minecraft.server.network.ServerCommonPacketListenerImpl/]: Stopping singleplayer server as player logged out
[26дек.2025 16:35:11.236] [Server thread/INFO] [net.minecraft.server.MinecraftServer/]: Stopping server
[26дек.2025 16:35:11.236] [Server thread/INFO] [net.minecraft.server.MinecraftServer/]: Saving players
[26дек.2025 16:35:11.236] [Server thread/INFO] [net.minecraft.server.MinecraftServer/]: Saving worlds
[26дек.2025 16:35:11.505] [Server thread/INFO] [net.minecraft.server.MinecraftServer/]: Saving chunks for level 'ServerLevel[New World]'/minecraft:overworld
[26дек.2025 16:35:11.681] [Server thread/INFO] [net.minecraft.server.MinecraftServer/]: Saving chunks for level 'ServerLevel[New World]'/minecraft:the_end
[26дек.2025 16:35:11.687] [Server thread/INFO] [net.minecraft.server.MinecraftServer/]: Saving chunks for level 'ServerLevel[New World]'/minecraft:the_nether
[26дек.2025 16:35:11.694] [Server thread/INFO] [net.minecraft.server.MinecraftServer/]: ThreadedAnvilChunkStorage (New World): All chunks are saved
[26дек.2025 16:35:11.695] [Server thread/INFO] [net.minecraft.server.MinecraftServer/]: ThreadedAnvilChunkStorage (DIM1): All chunks are saved
[26дек.2025 16:35:11.695] [Server thread/INFO] [net.minecraft.server.MinecraftServer/]: ThreadedAnvilChunkStorage (DIM-1): All chunks are saved
[26дек.2025 16:35:11.695] [Server thread/INFO] [net.minecraft.server.MinecraftServer/]: ThreadedAnvilChunkStorage: All dimensions are saved
[26дек.2025 16:35:12.065] [Render thread/INFO] [net.minecraft.client.Minecraft/]: Stopping!
