[16:09:12] [main/INFO] (FabricLoader/GameProvider) Loading Minecraft 1.21.1 with Fabric Loader 0.18.4
[16:09:12] [main/INFO] (FabricLoader) Loading 60 mods:
	- architectury 13.0.8
	- cloth-basic-math 0.6.1
	- cloth-config 15.0.140
	- fabric-api 0.116.7+1.21.1
	- fabric-api-base 0.4.42+6573ed8cd1
	- fabric-api-lookup-api-v1 1.6.71+b559734419
	- fabric-biome-api-v1 13.0.31+d527f9fd19
	- fabric-block-api-v1 1.1.0+0bc3503219
	- fabric-block-view-api-v2 1.0.11+ebb2264e19
	- fabric-blockrenderlayer-v1 1.1.52+0af3f5a719
	- fabric-client-tags-api-v1 1.1.15+6573ed8c19
	- fabric-command-api-v1 1.2.49+f71b366f19
	- fabric-command-api-v2 2.2.28+6ced4dd919
	- fabric-commands-v0 0.2.66+df3654b319
	- fabric-content-registries-v0 8.0.19+b559734419
	- fabric-convention-tags-v1 2.1.5+7f945d5b19
	- fabric-convention-tags-v2 2.11.1+a406e79519
	- fabric-crash-report-info-v1 0.2.29+0af3f5a719
	- fabric-data-attachment-api-v1 1.4.5+6116a37819
	- fabric-data-generation-api-v1 20.2.34+37516cd619
	- fabric-dimensions-v1 4.0.1+65213ef819
	- fabric-entity-events-v1 1.8.0+2b27e0a419
	- fabric-events-interaction-v0 0.7.13+ba9dae0619
	- fabric-game-rule-api-v1 1.0.53+6ced4dd919
	- fabric-gametest-api-v1 2.0.5+6fc22b9919
	- fabric-item-api-v1 11.2.0+3b3cb2e819
	- fabric-item-group-api-v1 4.1.7+def88e3a19
	- fabric-key-binding-api-v1 1.0.47+0af3f5a719
	- fabric-keybindings-v0 0.2.45+df3654b319
	- fabric-lifecycle-events-v1 2.6.0+0865547519
	- fabric-loot-api-v2 3.0.15+3f89f5a519
	- fabric-loot-api-v3 1.0.3+3f89f5a519
	- fabric-message-api-v1 6.0.14+8aaf3aca19
	- fabric-model-loading-api-v1 2.1.0+b4d813fc19
	- fabric-networking-api-v1 4.3.0+c7469b2119
	- fabric-object-builder-api-v1 15.2.1+40875a9319
	- fabric-particles-v1 4.0.2+6573ed8c19
	- fabric-recipe-api-v1 5.0.15+2475392c19
	- fabric-registry-sync-v0 5.3.1+e3eddc2119
	- fabric-renderer-api-v1 3.4.1+b4d813fc19
	- fabric-renderer-indigo 1.7.1+c705a49c19
	- fabric-renderer-registries-v1 3.2.69+df3654b319
	- fabric-rendering-data-attachment-v1 0.3.49+73761d2e19
	- fabric-rendering-fluids-v1 3.1.6+1daea21519
	- fabric-rendering-v0 1.1.72+df3654b319
	- fabric-rendering-v1 5.1.0+ab4c25a019
	- fabric-resource-conditions-api-v1 4.3.0+8dc279b119
	- fabric-resource-loader-v0 1.3.1+5b5275af19
	- fabric-screen-api-v1 2.0.25+8b68f1c719
	- fabric-screen-handler-api-v1 1.3.90+b559734419
	- fabric-sound-api-v1 1.0.23+6573ed8c19
	- fabric-transfer-api-v1 5.4.3+c24bd99419
	- fabric-transitive-access-wideners-v1 6.2.0+45b9699719
	- fabricloader 0.18.4
	- generated_d148277 1.0.0
	- itemflicker 1.0.0
	- java 23
	- minecraft 1.21.1
	- mixinextras 0.5.0
	- modmenu 11.0.3
[16:09:12] [main/INFO] (FabricLoader/Mixin) SpongePowered MIXIN Subsystem Version=0.8.7 Source=file:/Users/arseniyradaev/.gradle/caches/modules-2/files-2.1/net.fabricmc/sponge-mixin/0.17.0+mixin.0.8.7/cf31463202f72d03b0ef1e1e38e8ee71b7faaab6/sponge-mixin-0.17.0+mixin.0.8.7.jar Service=Knot/Fabric Env=CLIENT
[16:09:13] [main/INFO] (FabricLoader/Mixin) Loaded Fabric development mappings for mixin remapper!
[16:09:13] [main/INFO] (FabricLoader/Mixin) Compatibility level set to JAVA_16
[16:09:13] [main/INFO] (FabricLoader/Mixin) Compatibility level set to JAVA_17
[16:09:13] [main/INFO] (FabricLoader/Mixin) Compatibility level set to JAVA_21
[16:09:13] [main/INFO] (FabricLoader/MixinExtras|Service) Initializing MixinExtras via com.llamalad7.mixinextras.service.MixinExtrasServiceImpl(version=0.5.0).
[16:09:14] [Datafixer Bootstrap/INFO] (Minecraft) 226 Datafixer optimizations took 167 milliseconds
[16:09:18] [Render thread/INFO] (Minecraft) Environment: Environment[sessionHost=https://sessionserver.mojang.com, servicesHost=https://api.minecraftservices.com, name=PROD]
[16:09:18] [Render thread/INFO] (Minecraft) Setting user: Player615
[16:09:19] [Render thread/INFO] (NetworkManagerImpl) Registering S2C receiver with id architectury:spawn_entity_packet
[16:09:19] [Render thread/INFO] (Indigo) [Indigo] Registering Indigo renderer!
[16:09:19] [Render thread/INFO] (Mod Menu/Update Checker) Checking mod updates...
[16:09:19] [Render thread/INFO] (Minecraft) Backend library: LWJGL version 3.3.3-snapshot
[16:09:21] [Render thread/INFO] (Minecraft) Reloading ResourceManager: vanilla, fabric, cloth-config, fabric-api, fabric-api-base, fabric-api-lookup-api-v1, fabric-biome-api-v1, fabric-block-api-v1, fabric-block-view-api-v2, fabric-blockrenderlayer-v1, fabric-client-tags-api-v1, fabric-command-api-v1, fabric-command-api-v2, fabric-commands-v0, fabric-content-registries-v0, fabric-convention-tags-v1, fabric-convention-tags-v2, fabric-crash-report-info-v1, fabric-data-attachment-api-v1, fabric-data-generation-api-v1, fabric-dimensions-v1, fabric-entity-events-v1, fabric-events-interaction-v0, fabric-game-rule-api-v1, fabric-gametest-api-v1, fabric-item-api-v1, fabric-item-group-api-v1, fabric-key-binding-api-v1, fabric-keybindings-v0, fabric-lifecycle-events-v1, fabric-loot-api-v2, fabric-loot-api-v3, fabric-message-api-v1, fabric-model-loading-api-v1, fabric-networking-api-v1, fabric-object-builder-api-v1, fabric-particles-v1, fabric-recipe-api-v1, fabric-registry-sync-v0, fabric-renderer-api-v1, fabric-renderer-indigo, fabric-renderer-registries-v1, fabric-rendering-data-attachment-v1, fabric-rendering-fluids-v1, fabric-rendering-v0, fabric-rendering-v1, fabric-resource-conditions-api-v1, fabric-resource-loader-v0, fabric-screen-api-v1, fabric-screen-handler-api-v1, fabric-sound-api-v1, fabric-transfer-api-v1, fabric-transitive-access-wideners-v1, fabricloader, generated_d148277, itemflicker, modmenu
[16:09:21] [Worker-Main-7/INFO] (Minecraft) Found unifont_all_no_pua-15.1.05.hex, loading
[16:09:21] [Worker-Main-3/INFO] (Minecraft) Found unifont_jp_patch-15.1.05.hex, loading
[16:09:22] [Render thread/WARN] (Minecraft) Missing sound for event: minecraft:item.goat_horn.play
[16:09:22] [Render thread/WARN] (Minecraft) Missing sound for event: minecraft:entity.goat.screaming.horn_break
[16:09:22] [Render thread/INFO] (Minecraft) OpenAL initialized on device Динамики MacBook Pro
[16:09:22] [Render thread/INFO] (Minecraft) Sound engine started
[16:09:22] [Render thread/INFO] (Minecraft) Created: 1024x512x4 minecraft:textures/atlas/blocks.png-atlas
[16:09:22] [Render thread/INFO] (Minecraft) Created: 256x256x4 minecraft:textures/atlas/signs.png-atlas
[16:09:22] [Render thread/INFO] (Minecraft) Created: 512x512x4 minecraft:textures/atlas/shield_patterns.png-atlas
[16:09:22] [Render thread/INFO] (Minecraft) Created: 512x512x4 minecraft:textures/atlas/banner_patterns.png-atlas
[16:09:22] [Render thread/INFO] (Minecraft) Created: 1024x1024x4 minecraft:textures/atlas/armor_trims.png-atlas
[16:09:22] [Render thread/INFO] (Minecraft) Created: 128x64x4 minecraft:textures/atlas/decorated_pot.png-atlas
[16:09:22] [Render thread/INFO] (Minecraft) Created: 256x256x4 minecraft:textures/atlas/chest.png-atlas
[16:09:22] [Render thread/INFO] (Minecraft) Created: 512x256x4 minecraft:textures/atlas/beds.png-atlas
[16:09:22] [Render thread/INFO] (Minecraft) Created: 512x256x4 minecraft:textures/atlas/shulker_boxes.png-atlas
[16:09:22] [Render thread/INFO] (Minecraft) Created: 512x256x0 minecraft:textures/atlas/particles.png-atlas
[16:09:22] [Render thread/INFO] (Minecraft) Created: 512x256x0 minecraft:textures/atlas/paintings.png-atlas
[16:09:22] [Render thread/INFO] (Minecraft) Created: 256x128x0 minecraft:textures/atlas/mob_effects.png-atlas
[16:09:22] [Render thread/INFO] (Minecraft) Created: 64x64x0 minecraft:textures/atlas/map_decorations.png-atlas
[16:09:22] [Render thread/INFO] (Minecraft) Created: 1024x512x0 minecraft:textures/atlas/gui.png-atlas
[16:09:22] [Render thread/WARN] (Minecraft) Shader rendertype_entity_translucent_emissive could not find sampler named Sampler2 in the specified shader program.
[16:10:16] [Render thread/ERROR] (DefaultGuiRegistryAccess) No GUI provider registered for field 'private static com.imeetake.itemflicker.config.ItemFlickerConfig com.imeetake.itemflicker.config.ItemFlickerConfig.instance'!
[16:10:22] [Render thread/INFO] (Minecraft) Loaded 1290 recipes
[16:10:22] [Render thread/INFO] (Minecraft) Loaded 1399 advancements
[16:10:23] [Render thread/INFO] (BiomeModificationImpl) Applied 0 biome modifications to 0 of 64 new biomes in 945.2 μs
[16:10:23] [Server thread/INFO] (Minecraft) Starting integrated minecraft server version 1.21.1
[16:10:23] [Server thread/INFO] (Minecraft) Generating keypair
[16:10:27] [Server thread/INFO] (Minecraft) Preparing start region for dimension minecraft:overworld
[16:10:27] [Render thread/INFO] (Minecraft) Preparing spawn area: 2%
[16:10:27] [Render thread/INFO] (Minecraft) Preparing spawn area: 2%
[16:10:28] [Render thread/INFO] (Minecraft) Preparing spawn area: 4%
[16:10:28] [Render thread/INFO] (Minecraft) Preparing spawn area: 18%
[16:10:29] [Render thread/INFO] (Minecraft) Preparing spawn area: 51%
[16:10:29] [Render thread/INFO] (Minecraft) Time elapsed: 2279 ms
[16:10:29] [Server thread/INFO] (Minecraft) Changing view distance to 12, from 10
[16:10:29] [Server thread/INFO] (Minecraft) Changing simulation distance to 12, from 0
[16:10:29] [Server thread/INFO] (Minecraft) Player615[local:E:942f001d] logged in with entity id 5 at (-4.5, 74.0, -8.5)
[16:10:30] [Server thread/INFO] (Minecraft) Player615 joined the game
[16:10:30] [Render thread/INFO] (Minecraft) Loaded 2 advancements
[16:10:32] [Server thread/INFO] (Minecraft) Saving and pausing game...
[16:10:32] [Server thread/INFO] (Minecraft) Saving chunks for level 'ServerLevel[New World]'/minecraft:overworld
[16:10:32] [Server thread/INFO] (Minecraft) Saving chunks for level 'ServerLevel[New World]'/minecraft:the_end
[16:10:32] [Server thread/INFO] (Minecraft) Saving chunks for level 'ServerLevel[New World]'/minecraft:the_nether
[16:10:55] [Render thread/INFO] (Minecraft) Loaded 11 advancements
[16:11:08] [Render thread/WARN] (Minecraft) Unable to play empty soundEvent: minecraft:entity.salmon.ambient
[16:11:48] [Server thread/INFO] (Minecraft) Saving and pausing game...
[16:11:48] [Server thread/INFO] (Minecraft) Saving chunks for level 'ServerLevel[New World]'/minecraft:overworld
[16:11:48] [Server thread/INFO] (Minecraft) Saving chunks for level 'ServerLevel[New World]'/minecraft:the_end
[16:11:48] [Server thread/INFO] (Minecraft) Saving chunks for level 'ServerLevel[New World]'/minecraft:the_nether
[16:11:48] [Server thread/INFO] (Minecraft) Player615 lost connection: Disconnected
[16:11:48] [Server thread/INFO] (Minecraft) Player615 left the game
[16:11:48] [Server thread/INFO] (Minecraft) Stopping singleplayer server as player logged out
[16:11:49] [Server thread/INFO] (Minecraft) Stopping server
[16:11:49] [Server thread/INFO] (Minecraft) Saving players
[16:11:49] [Server thread/INFO] (Minecraft) Saving worlds
[16:11:49] [Server thread/INFO] (Minecraft) Saving chunks for level 'ServerLevel[New World]'/minecraft:overworld
[16:11:49] [Server thread/INFO] (Minecraft) Saving chunks for level 'ServerLevel[New World]'/minecraft:the_end
[16:11:49] [Server thread/INFO] (Minecraft) Saving chunks for level 'ServerLevel[New World]'/minecraft:the_nether
[16:11:49] [Server thread/INFO] (Minecraft) ThreadedAnvilChunkStorage (New World): All chunks are saved
[16:11:49] [Server thread/INFO] (Minecraft) ThreadedAnvilChunkStorage (DIM1): All chunks are saved
[16:11:49] [Server thread/INFO] (Minecraft) ThreadedAnvilChunkStorage (DIM-1): All chunks are saved
[16:11:49] [Server thread/INFO] (Minecraft) ThreadedAnvilChunkStorage: All dimensions are saved
[16:11:50] [Render thread/INFO] (Minecraft) Stopping!
