[17:21:23] [main/INFO] (Launcher) ModLauncher running: args [--launchTarget, neoforgeclientdev, --version, 21.8.51, --assetIndex, 1.21.8-26, --assetsDir, /Users/arseniyradaev/.gradle/caches/fabric-loom/assets, --fml.fmlVersion, 9.0.18, --fml.mcVersion, 1.21.8, --fml.neoForgeVersion, 21.8.51, --fml.neoFormVersion, 20250717.133445]
[17:21:23] [main/INFO] (Launcher) JVM identified as Eclipse Adoptium OpenJDK 64-Bit Server VM 23.0.2+7
[17:21:23] [main/INFO] (Launcher) ModLauncher 9.0 starting: java version 23.0.2 by Eclipse Adoptium; OS Mac OS X arch aarch64 version 26.1
[17:21:23] [main/INFO] (unprotect) Initializing Unprotect using ModLauncher backend, target: Minecraft and loader classes (minecraft+forge)
[17:21:23] [main/INFO] (ImmediateWindowHandler) Loading ImmediateWindowProvider fmlearlywindow
[17:21:23] [main/WARN] (EARLYDISPLAY) Failed to set window icon: [0x1000C] Cocoa: Regular windows do not have icons on macOS
[17:21:23] [main/INFO] (mixin) SpongePowered MIXIN Subsystem Version=0.8.7 Source=union:/Users/arseniyradaev/.gradle/caches/modules-2/files-2.1/net.fabricmc/sponge-mixin/0.15.2+mixin.0.8.7/2af2f021d8e02a0220dc27a7a72b4666d66d44ca/sponge-mixin-0.15.2+mixin.0.8.7.jar%23116!/ Service=ModLauncher Env=CLIENT
[17:21:23] [main/INFO] (ModDiscoverer) Found mod file "neoforge-21.8.51-minecraft-merged-1.21.8-loom.mappings.1_21_8.layered+hash.40359-v2-neoforge-21.8.51.jar" [locator: neoforge devenv provider ([/Users/arseniyradaev/.gradle/caches/fabric-loom/minecraftMaven/net/minecraft/neoforge-21.8.51-minecraft-merged/1.21.8-loom.mappings.1_21_8.layered+hash.40359-v2-neoforge-21.8.51/neoforge-21.8.51-minecraft-merged-1.21.8-loom.mappings.1_21_8.layered+hash.40359-v2-neoforge-21.8.51.jar])]
[17:21:23] [main/INFO] (ModDiscoverer) Found mod file "neoforge-21.8.51-minecraft-merged-1.21.8-loom.mappings.1_21_8.layered+hash.40359-v2-neoforge-21.8.51.jar" [locator: neoforge devenv provider ([/Users/arseniyradaev/.gradle/caches/fabric-loom/minecraftMaven/net/minecraft/neoforge-21.8.51-minecraft-merged/1.21.8-loom.mappings.1_21_8.layered+hash.40359-v2-neoforge-21.8.51/neoforge-21.8.51-minecraft-merged-1.21.8-loom.mappings.1_21_8.layered+hash.40359-v2-neoforge-21.8.51.jar])]
[17:21:23] [main/INFO] (ModDiscoverer) Found mod file "main" [locator: userdev mods and services, reader: mod manifest]
[17:21:23] [main/INFO] (ModDiscoverer) Found mod file "neoforge-21.8.51-minecraft-merged-1.21.8-loom.mappings.1_21_8.layered+hash.40359-v2-neoforge-21.8.51.jar" [locator: userdev mods and services, reader: mod manifest]
[17:21:23] [main/INFO] (ModDiscoverer) Found mod file "architectury-neoforge-413ea5c4-17.0.8.jar" [locator: userdev mods and services, reader: mod manifest]
[17:21:23] [main/INFO] (ModDiscoverer) Found mod file "cloth-config-neoforge-413ea5c4-19.0.147-neoforge.jar" [locator: userdev mods and services, reader: mod manifest]
[17:21:23] [main/INFO] (ModDiscoverer) Found mod file "12495548171310776905.jar" [locator: userdev mods and services, reader: mod manifest]
[17:21:23] [fml-loadingscreen/INFO] (LoadingScreenRenderer) GL info: Apple M1 Pro GL version 4.1 Metal - 90.5, Apple
[17:21:23] [main/INFO] (ModDiscoverer) Found gamelibrary file "mixinextras-neoforge-0.5.0.jar" [locator: userdev mods and services, reader: mod manifest]
[17:21:24] [main/WARN] (JarSelector) Attempted to select a dependency jar for JarJar which was passed in as source: library:mixinextras.neoforge. Using Mod File: /Users/arseniyradaev/.gradle/caches/modules-2/files-2.1/io.github.llamalad7/mixinextras-neoforge/0.5.0/d734b83ce6542bb70ea31755c1595b88992dbe65/mixinextras-neoforge-0.5.0.jar
[17:21:24] [main/INFO] (JarInJarDependencyLocator) Found 1 dependencies adding them to mods collection
[17:21:24] [main/INFO] (ModDiscoverer) Found library file "net.neoforged.neoforge-coremods-21.8.51.jar" [parent: neoforge-21.8.51-minecraft-merged-1.21.8-loom.mappings.1_21_8.layered+hash.40359-v2-neoforge-21.8.51.jar, locator: jarinjar, reader: mod manifest]
[17:21:24] [main/INFO] (ModDiscoverer) 
     Mod List:
		Name Version (Mod Id)

		Architectury 17.0.8 (architectury)
		Cloth Config v19 API 19.0.147 (cloth_config)
		generated_414cf87 1 (generated_414cf87)
		Item Flicker 1.0.0-1.21.8 (itemflicker)
		Minecraft 1.21.8 (minecraft)
		NeoForge 21.8.51 (neoforge)
[17:21:24] [main/INFO] (mixin) Compatibility level set to JAVA_21
[17:21:24] [main/INFO] (LaunchServiceHandler) Launching target 'neoforgeclientdev' with arguments [--version, 21.8.51, --assetsDir, /Users/arseniyradaev/.gradle/caches/fabric-loom/assets, --assetIndex, 1.21.8-26]
[26дек.2025 17:21:24.492] [main/INFO] [unprotect/]: Found 9438 Minecraft classes
[26дек.2025 17:21:25.647] [Datafixer Bootstrap/INFO] [com.mojang.datafixers.DataFixerBuilder/]: 272 Datafixer optimizations took 283 milliseconds
[26дек.2025 17:21:26.262] [pool-12-thread-1/INFO] [MixinExtras|Service/]: Initializing MixinExtras via com.llamalad7.mixinextras.service.MixinExtrasServiceImpl(version=0.5.0).
[26дек.2025 17:21:30.233] [main/WARN] [net.minecraft.commands.Commands/]: Ambiguity between arguments [teleport, location] and [teleport, destination] with inputs: [0.1 -0.5 .9, 0 0 0]
[26дек.2025 17:21:30.234] [main/WARN] [net.minecraft.commands.Commands/]: Ambiguity between arguments [teleport, location] and [teleport, targets] with inputs: [0.1 -0.5 .9, 0 0 0]
[26дек.2025 17:21:30.236] [main/WARN] [net.minecraft.commands.Commands/]: Ambiguity between arguments [teleport, destination] and [teleport, targets] with inputs: [Player, 0123, @e, dd12be42-52a9-4a91-a8a1-11c01849e498]
[26дек.2025 17:21:30.237] [main/WARN] [net.minecraft.commands.Commands/]: Ambiguity between arguments [teleport, targets] and [teleport, destination] with inputs: [Player, 0123, dd12be42-52a9-4a91-a8a1-11c01849e498]
[26дек.2025 17:21:30.238] [main/WARN] [net.minecraft.commands.Commands/]: Ambiguity between arguments [teleport, targets, location] and [teleport, targets, destination] with inputs: [0.1 -0.5 .9, 0 0 0]
[26дек.2025 17:21:30.239] [main/WARN] [net.minecraft.commands.Commands/]: Ambiguity between arguments [waypoint, modify, waypoint, color, reset] and [waypoint, modify, waypoint, color, color] with inputs: [reset]
[26дек.2025 17:21:30.272] [modloading-worker-0/ERROR] [net.neoforged.neoforge.common.OnlyInWarningsHandler/]: The mod cloth_config uses the @OnlyIn annotation; the runtime member-stripping behaviour of this annotation is no longer present, which may lead to issues if that behaviour was relied upon
[26дек.2025 17:21:30.272] [modloading-worker-0/ERROR] [net.neoforged.neoforge.common.OnlyInWarningsHandler/]: @OnlyIn used on class me.shedaniel.math.impl.PointHelper
[26дек.2025 17:21:30.272] [modloading-worker-0/ERROR] [net.neoforged.neoforge.common.OnlyInWarningsHandler/]: @OnlyIn used on class me.shedaniel.autoconfig.AutoConfig$ClientOnly
[26дек.2025 17:21:30.272] [modloading-worker-0/ERROR] [net.neoforged.neoforge.common.OnlyInWarningsHandler/]: @OnlyIn used on method me.shedaniel.autoconfig.AutoConfig.getConfigScreen(Ljava/lang/Class;Lnet/minecraft/client/gui/screens/Screen;)Ljava/util/function/Supplier;
[26дек.2025 17:21:30.272] [modloading-worker-0/ERROR] [net.neoforged.neoforge.common.OnlyInWarningsHandler/]: @OnlyIn used on method me.shedaniel.autoconfig.AutoConfig.getGuiRegistry(Ljava/lang/Class;)Lme/shedaniel/autoconfig/gui/registry/GuiRegistry;
[26дек.2025 17:21:30.272] [modloading-worker-0/ERROR] [net.neoforged.neoforge.common.OnlyInWarningsHandler/]: @OnlyIn used on method me.shedaniel.autoconfig.example.ExampleInits.exampleClientInit()V
[26дек.2025 17:21:30.272] [modloading-worker-0/ERROR] [net.neoforged.neoforge.common.OnlyInWarningsHandler/]: @OnlyIn used on class me.shedaniel.autoconfig.gui.ConfigScreenProvider
[26дек.2025 17:21:30.273] [modloading-worker-0/ERROR] [net.neoforged.neoforge.common.OnlyInWarningsHandler/]: @OnlyIn used on class me.shedaniel.autoconfig.gui.DefaultGuiTransformers
[26дек.2025 17:21:30.273] [modloading-worker-0/ERROR] [net.neoforged.neoforge.common.OnlyInWarningsHandler/]: @OnlyIn used on class me.shedaniel.autoconfig.gui.DefaultGuiProviders
[26дек.2025 17:21:30.273] [modloading-worker-0/ERROR] [net.neoforged.neoforge.common.OnlyInWarningsHandler/]: @OnlyIn used on class me.shedaniel.autoconfig.gui.registry.GuiRegistry
[26дек.2025 17:21:30.273] [modloading-worker-0/ERROR] [net.neoforged.neoforge.common.OnlyInWarningsHandler/]: @OnlyIn used on class me.shedaniel.autoconfig.gui.registry.api.GuiRegistryAccess
[26дек.2025 17:21:30.273] [modloading-worker-0/ERROR] [net.neoforged.neoforge.common.OnlyInWarningsHandler/]: @OnlyIn used on class me.shedaniel.autoconfig.gui.registry.api.GuiTransformer
[26дек.2025 17:21:30.273] [modloading-worker-0/ERROR] [net.neoforged.neoforge.common.OnlyInWarningsHandler/]: @OnlyIn used on class me.shedaniel.autoconfig.gui.registry.api.GuiProvider
[26дек.2025 17:21:30.273] [modloading-worker-0/ERROR] [net.neoforged.neoforge.common.OnlyInWarningsHandler/]: @OnlyIn used on class me.shedaniel.autoconfig.gui.registry.ComposedGuiRegistryAccess
[26дек.2025 17:21:30.273] [modloading-worker-0/ERROR] [net.neoforged.neoforge.common.OnlyInWarningsHandler/]: @OnlyIn used on class me.shedaniel.clothconfig2.ClothConfigInitializer
[26дек.2025 17:21:30.273] [modloading-worker-0/ERROR] [net.neoforged.neoforge.common.OnlyInWarningsHandler/]: @OnlyIn used on class me.shedaniel.clothconfig2.impl.KeyBindingHooks
[26дек.2025 17:21:30.273] [modloading-worker-0/ERROR] [net.neoforged.neoforge.common.OnlyInWarningsHandler/]: @OnlyIn used on class me.shedaniel.clothconfig2.impl.ConfigCategoryImpl
[26дек.2025 17:21:30.273] [modloading-worker-0/ERROR] [net.neoforged.neoforge.common.OnlyInWarningsHandler/]: @OnlyIn used on class me.shedaniel.clothconfig2.impl.GameOptionsHooks
[26дек.2025 17:21:30.273] [modloading-worker-0/ERROR] [net.neoforged.neoforge.common.OnlyInWarningsHandler/]: @OnlyIn used on class me.shedaniel.clothconfig2.impl.ConfigBuilderImpl
[26дек.2025 17:21:30.273] [modloading-worker-0/ERROR] [net.neoforged.neoforge.common.OnlyInWarningsHandler/]: @OnlyIn used on class me.shedaniel.clothconfig2.impl.ConfigEntryBuilderImpl
[26дек.2025 17:21:30.273] [modloading-worker-0/ERROR] [net.neoforged.neoforge.common.OnlyInWarningsHandler/]: @OnlyIn used on class me.shedaniel.clothconfig2.impl.ModifierKeyCodeImpl
[26дек.2025 17:21:30.273] [modloading-worker-0/ERROR] [net.neoforged.neoforge.common.OnlyInWarningsHandler/]: @OnlyIn used on class me.shedaniel.clothconfig2.impl.builders.KeyCodeBuilder
[26дек.2025 17:21:30.273] [modloading-worker-0/ERROR] [net.neoforged.neoforge.common.OnlyInWarningsHandler/]: @OnlyIn used on class me.shedaniel.clothconfig2.impl.builders.SubCategoryBuilder
[26дек.2025 17:21:30.273] [modloading-worker-0/ERROR] [net.neoforged.neoforge.common.OnlyInWarningsHandler/]: @OnlyIn used on class me.shedaniel.clothconfig2.impl.builders.TextDescriptionBuilder
[26дек.2025 17:21:30.274] [modloading-worker-0/ERROR] [net.neoforged.neoforge.common.OnlyInWarningsHandler/]: @OnlyIn used on class me.shedaniel.clothconfig2.impl.builders.LongSliderBuilder
[26дек.2025 17:21:30.274] [modloading-worker-0/ERROR] [net.neoforged.neoforge.common.OnlyInWarningsHandler/]: @OnlyIn used on class me.shedaniel.clothconfig2.impl.builders.SelectorBuilder
[26дек.2025 17:21:30.274] [modloading-worker-0/ERROR] [net.neoforged.neoforge.common.OnlyInWarningsHandler/]: @OnlyIn used on class me.shedaniel.clothconfig2.impl.builders.TextFieldBuilder
[26дек.2025 17:21:30.274] [modloading-worker-0/ERROR] [net.neoforged.neoforge.common.OnlyInWarningsHandler/]: @OnlyIn used on class me.shedaniel.clothconfig2.impl.builders.EnumSelectorBuilder
[26дек.2025 17:21:30.274] [modloading-worker-0/ERROR] [net.neoforged.neoforge.common.OnlyInWarningsHandler/]: @OnlyIn used on class me.shedaniel.clothconfig2.impl.builders.StringFieldBuilder
[26дек.2025 17:21:30.274] [modloading-worker-0/ERROR] [net.neoforged.neoforge.common.OnlyInWarningsHandler/]: @OnlyIn used on class me.shedaniel.clothconfig2.impl.builders.FloatFieldBuilder
[26дек.2025 17:21:30.274] [modloading-worker-0/ERROR] [net.neoforged.neoforge.common.OnlyInWarningsHandler/]: @OnlyIn used on class me.shedaniel.clothconfig2.impl.builders.DropdownMenuBuilder
[26дек.2025 17:21:30.274] [modloading-worker-0/ERROR] [net.neoforged.neoforge.common.OnlyInWarningsHandler/]: @OnlyIn used on class me.shedaniel.clothconfig2.impl.builders.FieldBuilder
[26дек.2025 17:21:30.274] [modloading-worker-0/ERROR] [net.neoforged.neoforge.common.OnlyInWarningsHandler/]: @OnlyIn used on class me.shedaniel.clothconfig2.impl.builders.IntFieldBuilder
[26дек.2025 17:21:30.274] [modloading-worker-0/ERROR] [net.neoforged.neoforge.common.OnlyInWarningsHandler/]: @OnlyIn used on class me.shedaniel.clothconfig2.impl.builders.DoubleFieldBuilder
[26дек.2025 17:21:30.274] [modloading-worker-0/ERROR] [net.neoforged.neoforge.common.OnlyInWarningsHandler/]: @OnlyIn used on class me.shedaniel.clothconfig2.impl.builders.StringListBuilder
[26дек.2025 17:21:30.274] [modloading-worker-0/ERROR] [net.neoforged.neoforge.common.OnlyInWarningsHandler/]: @OnlyIn used on class me.shedaniel.clothconfig2.impl.builders.LongListBuilder
[26дек.2025 17:21:30.274] [modloading-worker-0/ERROR] [net.neoforged.neoforge.common.OnlyInWarningsHandler/]: @OnlyIn used on class me.shedaniel.clothconfig2.impl.builders.DoubleListBuilder
[26дек.2025 17:21:30.274] [modloading-worker-0/ERROR] [net.neoforged.neoforge.common.OnlyInWarningsHandler/]: @OnlyIn used on class me.shedaniel.clothconfig2.impl.builders.FloatListBuilder
[26дек.2025 17:21:30.274] [modloading-worker-0/ERROR] [net.neoforged.neoforge.common.OnlyInWarningsHandler/]: @OnlyIn used on class me.shedaniel.clothconfig2.impl.builders.IntSliderBuilder
[26дек.2025 17:21:30.274] [modloading-worker-0/ERROR] [net.neoforged.neoforge.common.OnlyInWarningsHandler/]: @OnlyIn used on class me.shedaniel.clothconfig2.impl.builders.BooleanToggleBuilder
[26дек.2025 17:21:30.274] [modloading-worker-0/ERROR] [net.neoforged.neoforge.common.OnlyInWarningsHandler/]: @OnlyIn used on class me.shedaniel.clothconfig2.impl.builders.ColorFieldBuilder
[26дек.2025 17:21:30.274] [modloading-worker-0/ERROR] [net.neoforged.neoforge.common.OnlyInWarningsHandler/]: @OnlyIn used on class me.shedaniel.clothconfig2.impl.builders.IntListBuilder
[26дек.2025 17:21:30.275] [modloading-worker-0/ERROR] [net.neoforged.neoforge.common.OnlyInWarningsHandler/]: @OnlyIn used on class me.shedaniel.clothconfig2.impl.builders.LongFieldBuilder
[26дек.2025 17:21:30.275] [modloading-worker-0/ERROR] [net.neoforged.neoforge.common.OnlyInWarningsHandler/]: @OnlyIn used on class me.shedaniel.clothconfig2.gui.ClothConfigScreen
[26дек.2025 17:21:30.275] [modloading-worker-0/ERROR] [net.neoforged.neoforge.common.OnlyInWarningsHandler/]: @OnlyIn used on class me.shedaniel.clothconfig2.gui.ClothConfigTabButton
[26дек.2025 17:21:30.275] [modloading-worker-0/ERROR] [net.neoforged.neoforge.common.OnlyInWarningsHandler/]: @OnlyIn used on class me.shedaniel.clothconfig2.gui.ClothRequiresRestartScreen
[26дек.2025 17:21:30.275] [modloading-worker-0/ERROR] [net.neoforged.neoforge.common.OnlyInWarningsHandler/]: @OnlyIn used on class me.shedaniel.clothconfig2.gui.widget.DynamicEntryListWidget$Entries
[26дек.2025 17:21:30.275] [modloading-worker-0/ERROR] [net.neoforged.neoforge.common.OnlyInWarningsHandler/]: @OnlyIn used on class me.shedaniel.clothconfig2.gui.widget.DynamicEntryListWidget$Entry
[26дек.2025 17:21:30.275] [modloading-worker-0/ERROR] [net.neoforged.neoforge.common.OnlyInWarningsHandler/]: @OnlyIn used on class me.shedaniel.clothconfig2.gui.widget.DynamicElementListWidget
[26дек.2025 17:21:30.275] [modloading-worker-0/ERROR] [net.neoforged.neoforge.common.OnlyInWarningsHandler/]: @OnlyIn used on class me.shedaniel.clothconfig2.gui.widget.DynamicElementListWidget$ElementEntry
[26дек.2025 17:21:30.275] [modloading-worker-0/ERROR] [net.neoforged.neoforge.common.OnlyInWarningsHandler/]: @OnlyIn used on class me.shedaniel.clothconfig2.gui.widget.DynamicSmoothScrollingEntryListWidget
[26дек.2025 17:21:30.275] [modloading-worker-0/ERROR] [net.neoforged.neoforge.common.OnlyInWarningsHandler/]: @OnlyIn used on class me.shedaniel.clothconfig2.gui.widget.DynamicEntryListWidget
[26дек.2025 17:21:30.275] [modloading-worker-0/ERROR] [net.neoforged.neoforge.common.OnlyInWarningsHandler/]: @OnlyIn used on class me.shedaniel.clothconfig2.gui.widget.DynamicNewSmoothScrollingEntryListWidget
[26дек.2025 17:21:30.275] [modloading-worker-0/ERROR] [net.neoforged.neoforge.common.OnlyInWarningsHandler/]: @OnlyIn used on class me.shedaniel.clothconfig2.gui.entries.StringListEntry
[26дек.2025 17:21:30.275] [modloading-worker-0/ERROR] [net.neoforged.neoforge.common.OnlyInWarningsHandler/]: @OnlyIn used on class me.shedaniel.clothconfig2.gui.entries.SelectionListEntry
[26дек.2025 17:21:30.275] [modloading-worker-0/ERROR] [net.neoforged.neoforge.common.OnlyInWarningsHandler/]: @OnlyIn used on class me.shedaniel.clothconfig2.gui.entries.EnumListEntry
[26дек.2025 17:21:30.275] [modloading-worker-0/ERROR] [net.neoforged.neoforge.common.OnlyInWarningsHandler/]: @OnlyIn used on class me.shedaniel.clothconfig2.gui.entries.StringListListEntry
[26дек.2025 17:21:30.275] [modloading-worker-0/ERROR] [net.neoforged.neoforge.common.OnlyInWarningsHandler/]: @OnlyIn used on class me.shedaniel.clothconfig2.gui.entries.LongListEntry
[26дек.2025 17:21:30.275] [modloading-worker-0/ERROR] [net.neoforged.neoforge.common.OnlyInWarningsHandler/]: @OnlyIn used on class me.shedaniel.clothconfig2.gui.entries.LongListListEntry
[26дек.2025 17:21:30.275] [modloading-worker-0/ERROR] [net.neoforged.neoforge.common.OnlyInWarningsHandler/]: @OnlyIn used on class me.shedaniel.clothconfig2.gui.entries.DoubleListEntry
[26дек.2025 17:21:30.275] [modloading-worker-0/ERROR] [net.neoforged.neoforge.common.OnlyInWarningsHandler/]: @OnlyIn used on class me.shedaniel.clothconfig2.gui.entries.TextFieldListEntry
[26дек.2025 17:21:30.275] [modloading-worker-0/ERROR] [net.neoforged.neoforge.common.OnlyInWarningsHandler/]: @OnlyIn used on class me.shedaniel.clothconfig2.gui.entries.DropdownBoxEntry
[26дек.2025 17:21:30.275] [modloading-worker-0/ERROR] [net.neoforged.neoforge.common.OnlyInWarningsHandler/]: @OnlyIn used on class me.shedaniel.clothconfig2.gui.entries.BooleanListEntry
[26дек.2025 17:21:30.275] [modloading-worker-0/ERROR] [net.neoforged.neoforge.common.OnlyInWarningsHandler/]: @OnlyIn used on class me.shedaniel.clothconfig2.gui.entries.IntegerListListEntry
[26дек.2025 17:21:30.276] [modloading-worker-0/ERROR] [net.neoforged.neoforge.common.OnlyInWarningsHandler/]: @OnlyIn used on class me.shedaniel.clothconfig2.gui.entries.SubCategoryListEntry
[26дек.2025 17:21:30.276] [modloading-worker-0/ERROR] [net.neoforged.neoforge.common.OnlyInWarningsHandler/]: @OnlyIn used on class me.shedaniel.clothconfig2.gui.entries.BaseListEntry
[26дек.2025 17:21:30.276] [modloading-worker-0/ERROR] [net.neoforged.neoforge.common.OnlyInWarningsHandler/]: @OnlyIn used on class me.shedaniel.clothconfig2.gui.entries.AbstractListListEntry
[26дек.2025 17:21:30.276] [modloading-worker-0/ERROR] [net.neoforged.neoforge.common.OnlyInWarningsHandler/]: @OnlyIn used on class me.shedaniel.clothconfig2.gui.entries.LongSliderEntry
[26дек.2025 17:21:30.276] [modloading-worker-0/ERROR] [net.neoforged.neoforge.common.OnlyInWarningsHandler/]: @OnlyIn used on class me.shedaniel.clothconfig2.gui.entries.NestedListListEntry
[26дек.2025 17:21:30.276] [modloading-worker-0/ERROR] [net.neoforged.neoforge.common.OnlyInWarningsHandler/]: @OnlyIn used on class me.shedaniel.clothconfig2.gui.entries.AbstractTextFieldListListEntry
[26дек.2025 17:21:30.276] [modloading-worker-0/ERROR] [net.neoforged.neoforge.common.OnlyInWarningsHandler/]: @OnlyIn used on class me.shedaniel.clothconfig2.gui.entries.TextListEntry
[26дек.2025 17:21:30.276] [modloading-worker-0/ERROR] [net.neoforged.neoforge.common.OnlyInWarningsHandler/]: @OnlyIn used on class me.shedaniel.clothconfig2.gui.entries.IntegerSliderEntry
[26дек.2025 17:21:30.276] [modloading-worker-0/ERROR] [net.neoforged.neoforge.common.OnlyInWarningsHandler/]: @OnlyIn used on class me.shedaniel.clothconfig2.gui.entries.BaseListCell
[26дек.2025 17:21:30.276] [modloading-worker-0/ERROR] [net.neoforged.neoforge.common.OnlyInWarningsHandler/]: @OnlyIn used on class me.shedaniel.clothconfig2.gui.entries.IntegerListEntry
[26дек.2025 17:21:30.276] [modloading-worker-0/ERROR] [net.neoforged.neoforge.common.OnlyInWarningsHandler/]: @OnlyIn used on class me.shedaniel.clothconfig2.gui.entries.TooltipListEntry
[26дек.2025 17:21:30.276] [modloading-worker-0/ERROR] [net.neoforged.neoforge.common.OnlyInWarningsHandler/]: @OnlyIn used on class me.shedaniel.clothconfig2.gui.entries.DoubleListListEntry
[26дек.2025 17:21:30.276] [modloading-worker-0/ERROR] [net.neoforged.neoforge.common.OnlyInWarningsHandler/]: @OnlyIn used on class me.shedaniel.clothconfig2.gui.entries.FloatListEntry
[26дек.2025 17:21:30.276] [modloading-worker-0/ERROR] [net.neoforged.neoforge.common.OnlyInWarningsHandler/]: @OnlyIn used on class me.shedaniel.clothconfig2.gui.entries.MultiElementListEntry
[26дек.2025 17:21:30.276] [modloading-worker-0/ERROR] [net.neoforged.neoforge.common.OnlyInWarningsHandler/]: @OnlyIn used on class me.shedaniel.clothconfig2.gui.entries.FloatListListEntry
[26дек.2025 17:21:30.276] [modloading-worker-0/ERROR] [net.neoforged.neoforge.common.OnlyInWarningsHandler/]: @OnlyIn used on class me.shedaniel.clothconfig2.gui.entries.KeyCodeEntry
[26дек.2025 17:21:30.276] [modloading-worker-0/ERROR] [net.neoforged.neoforge.common.OnlyInWarningsHandler/]: @OnlyIn used on class me.shedaniel.clothconfig2.api.Modifier
[26дек.2025 17:21:30.276] [modloading-worker-0/ERROR] [net.neoforged.neoforge.common.OnlyInWarningsHandler/]: @OnlyIn used on class me.shedaniel.clothconfig2.api.ConfigCategory
[26дек.2025 17:21:30.276] [modloading-worker-0/ERROR] [net.neoforged.neoforge.common.OnlyInWarningsHandler/]: @OnlyIn used on class me.shedaniel.clothconfig2.api.ConfigBuilder
[26дек.2025 17:21:30.276] [modloading-worker-0/ERROR] [net.neoforged.neoforge.common.OnlyInWarningsHandler/]: @OnlyIn used on class me.shedaniel.clothconfig2.api.ModifierKeyCode
[26дек.2025 17:21:30.277] [modloading-worker-0/ERROR] [net.neoforged.neoforge.common.OnlyInWarningsHandler/]: @OnlyIn used on class me.shedaniel.clothconfig2.api.AbstractConfigEntry
[26дек.2025 17:21:30.277] [modloading-worker-0/ERROR] [net.neoforged.neoforge.common.OnlyInWarningsHandler/]: @OnlyIn used on class me.shedaniel.clothconfig2.api.AbstractConfigListEntry
[26дек.2025 17:21:30.277] [modloading-worker-0/ERROR] [net.neoforged.neoforge.common.OnlyInWarningsHandler/]: @OnlyIn used on class me.shedaniel.clothconfig2.api.ConfigEntryBuilder
[26дек.2025 17:21:30.277] [modloading-worker-0/ERROR] [net.neoforged.neoforge.common.OnlyInWarningsHandler/]: The mod architectury uses the @OnlyIn annotation; the runtime member-stripping behaviour of this annotation is no longer present, which may lead to issues if that behaviour was relied upon
[26дек.2025 17:21:30.277] [modloading-worker-0/ERROR] [net.neoforged.neoforge.common.OnlyInWarningsHandler/]: @OnlyIn used on method dev.architectury.utils.GameInstance.getClient()Lnet/minecraft/client/Minecraft;
[26дек.2025 17:21:30.277] [modloading-worker-0/ERROR] [net.neoforged.neoforge.common.OnlyInWarningsHandler/]: @OnlyIn used on method dev.architectury.core.fluid.ArchitecturyFluidAttributesForge.initializeClient()Lnet/neoforged/neoforge/client/extensions/common/IClientFluidTypeExtensions;
[26дек.2025 17:21:30.277] [modloading-worker-0/ERROR] [net.neoforged.neoforge.common.OnlyInWarningsHandler/]: @OnlyIn used on method dev.architectury.core.fluid.ArchitecturyFluidAttributesForge.registerClient()V
[26дек.2025 17:21:30.277] [modloading-worker-0/ERROR] [net.neoforged.neoforge.common.OnlyInWarningsHandler/]: @OnlyIn used on method dev.architectury.platform.Mod.registerConfigurationScreen(Ldev/architectury/platform/Mod$ConfigurationScreenProvider;)V
[26дек.2025 17:21:30.277] [modloading-worker-0/ERROR] [net.neoforged.neoforge.common.OnlyInWarningsHandler/]: @OnlyIn used on class dev.architectury.platform.Mod$ConfigurationScreenProvider
[26дек.2025 17:21:30.277] [modloading-worker-0/ERROR] [net.neoforged.neoforge.common.OnlyInWarningsHandler/]: @OnlyIn used on method dev.architectury.networking.NetworkChannel.canServerReceive(Ljava/lang/Class;)Z
[26дек.2025 17:21:30.277] [modloading-worker-0/ERROR] [net.neoforged.neoforge.common.OnlyInWarningsHandler/]: @OnlyIn used on method dev.architectury.networking.NetworkChannel.sendToServer(Ljava/lang/Object;)V
[26дек.2025 17:21:30.277] [modloading-worker-0/ERROR] [net.neoforged.neoforge.common.OnlyInWarningsHandler/]: @OnlyIn used on method dev.architectury.networking.NetworkManager.canServerReceive(Lnet/minecraft/network/protocol/common/custom/CustomPacketPayload$Type;)Z
[26дек.2025 17:21:30.277] [modloading-worker-0/ERROR] [net.neoforged.neoforge.common.OnlyInWarningsHandler/]: @OnlyIn used on method dev.architectury.networking.NetworkManager.canServerReceive(Lnet/minecraft/resources/ResourceLocation;)Z
[26дек.2025 17:21:30.277] [modloading-worker-0/ERROR] [net.neoforged.neoforge.common.OnlyInWarningsHandler/]: @OnlyIn used on method dev.architectury.networking.NetworkManager.sendToServer(Lnet/minecraft/network/protocol/common/custom/CustomPacketPayload;)V
[26дек.2025 17:21:30.277] [modloading-worker-0/ERROR] [net.neoforged.neoforge.common.OnlyInWarningsHandler/]: @OnlyIn used on method dev.architectury.networking.NetworkManager.sendToServer(Lnet/minecraft/resources/ResourceLocation;Lnet/minecraft/network/RegistryFriendlyByteBuf;)V
[26дек.2025 17:21:30.277] [modloading-worker-0/ERROR] [net.neoforged.neoforge.common.OnlyInWarningsHandler/]: @OnlyIn used on method dev.architectury.networking.forge.NetworkManagerImpl.canServerReceive(Lnet/minecraft/resources/ResourceLocation;)Z
[26дек.2025 17:21:30.277] [modloading-worker-0/ERROR] [net.neoforged.neoforge.common.OnlyInWarningsHandler/]: @OnlyIn used on method dev.architectury.networking.SpawnEntityPacket$Client.receive(Ldev/architectury/networking/SpawnEntityPacket$PacketPayload;Ldev/architectury/networking/NetworkManager$PacketContext;)V
[26дек.2025 17:21:30.278] [modloading-worker-0/ERROR] [net.neoforged.neoforge.common.OnlyInWarningsHandler/]: @OnlyIn used on method dev.architectury.networking.SpawnEntityPacket$Client.register()V
[26дек.2025 17:21:30.278] [modloading-worker-0/ERROR] [net.neoforged.neoforge.common.OnlyInWarningsHandler/]: @OnlyIn used on class dev.architectury.networking.SpawnEntityPacket$Client
[26дек.2025 17:21:30.278] [modloading-worker-0/ERROR] [net.neoforged.neoforge.common.OnlyInWarningsHandler/]: @OnlyIn used on method dev.architectury.networking.simple.BaseC2SMessage.sendToServer()V
[26дек.2025 17:21:30.278] [modloading-worker-0/ERROR] [net.neoforged.neoforge.common.OnlyInWarningsHandler/]: @OnlyIn used on method dev.architectury.networking.transformers.PacketSink.client()Ldev/architectury/networking/transformers/PacketSink;
[26дек.2025 17:21:30.278] [modloading-worker-0/ERROR] [net.neoforged.neoforge.common.OnlyInWarningsHandler/]: @OnlyIn used on method dev.architectury.networking.transformers.SplitPacketTransformer$Client.init()V
[26дек.2025 17:21:30.278] [modloading-worker-0/ERROR] [net.neoforged.neoforge.common.OnlyInWarningsHandler/]: @OnlyIn used on method dev.architectury.registry.menu.forge.MenuRegistryImpl.registerScreenFactory(Lnet/minecraft/world/inventory/MenuType;Ldev/architectury/registry/menu/MenuRegistry$ScreenFactory;)V
[26дек.2025 17:21:30.278] [modloading-worker-0/ERROR] [net.neoforged.neoforge.common.OnlyInWarningsHandler/]: @OnlyIn used on method dev.architectury.registry.menu.MenuRegistry.registerScreenFactory(Lnet/minecraft/world/inventory/MenuType;Ldev/architectury/registry/menu/MenuRegistry$ScreenFactory;)V
[26дек.2025 17:21:30.278] [modloading-worker-0/ERROR] [net.neoforged.neoforge.common.OnlyInWarningsHandler/]: @OnlyIn used on class dev.architectury.registry.menu.MenuRegistry$ScreenFactory
[26дек.2025 17:21:30.278] [modloading-worker-0/ERROR] [net.neoforged.neoforge.common.OnlyInWarningsHandler/]: @OnlyIn used on method dev.architectury.registry.forge.ReloadListenerRegistryImpl.addClientReloadListeners(Lnet/neoforged/neoforge/client/event/AddClientReloadListenersEvent;)V
[26дек.2025 17:21:30.278] [modloading-worker-0/ERROR] [net.neoforged.neoforge.common.OnlyInWarningsHandler/]: @OnlyIn used on class dev.architectury.registry.client.keymappings.KeyMappingRegistry
[26дек.2025 17:21:30.278] [modloading-worker-0/ERROR] [net.neoforged.neoforge.common.OnlyInWarningsHandler/]: @OnlyIn used on class dev.architectury.registry.client.gui.ClientTooltipComponentRegistry
[26дек.2025 17:21:30.278] [modloading-worker-0/ERROR] [net.neoforged.neoforge.common.OnlyInWarningsHandler/]: @OnlyIn used on class dev.architectury.registry.client.gui.forge.ClientTooltipComponentRegistryImpl
[26дек.2025 17:21:30.278] [modloading-worker-0/ERROR] [net.neoforged.neoforge.common.OnlyInWarningsHandler/]: @OnlyIn used on class dev.architectury.registry.client.rendering.ColorHandlerRegistry
[26дек.2025 17:21:30.278] [modloading-worker-0/ERROR] [net.neoforged.neoforge.common.OnlyInWarningsHandler/]: @OnlyIn used on class dev.architectury.registry.client.rendering.RenderTypeRegistry
[26дек.2025 17:21:30.278] [modloading-worker-0/ERROR] [net.neoforged.neoforge.common.OnlyInWarningsHandler/]: @OnlyIn used on class dev.architectury.registry.client.rendering.BlockEntityRendererRegistry
[26дек.2025 17:21:30.278] [modloading-worker-0/ERROR] [net.neoforged.neoforge.common.OnlyInWarningsHandler/]: @OnlyIn used on class dev.architectury.registry.client.particle.ParticleProviderRegistry
[26дек.2025 17:21:30.279] [modloading-worker-0/ERROR] [net.neoforged.neoforge.common.OnlyInWarningsHandler/]: @OnlyIn used on class dev.architectury.registry.client.level.entity.EntityRendererRegistry
[26дек.2025 17:21:30.279] [modloading-worker-0/ERROR] [net.neoforged.neoforge.common.OnlyInWarningsHandler/]: @OnlyIn used on class dev.architectury.registry.client.level.entity.EntityModelLayerRegistry
[26дек.2025 17:21:30.279] [modloading-worker-0/ERROR] [net.neoforged.neoforge.common.OnlyInWarningsHandler/]: @OnlyIn used on class dev.architectury.event.forge.EventHandlerImplClient
[26дек.2025 17:21:30.279] [modloading-worker-0/ERROR] [net.neoforged.neoforge.common.OnlyInWarningsHandler/]: @OnlyIn used on class dev.architectury.event.forge.EventHandlerImplClient$ModBasedEventHandler
[26дек.2025 17:21:30.279] [modloading-worker-0/ERROR] [net.neoforged.neoforge.common.OnlyInWarningsHandler/]: @OnlyIn used on class dev.architectury.event.forge.EventHandlerImplServer
[26дек.2025 17:21:30.279] [modloading-worker-0/ERROR] [net.neoforged.neoforge.common.OnlyInWarningsHandler/]: @OnlyIn used on class dev.architectury.event.forge.EventHandlerImplServer$ModBasedEventHandler
[26дек.2025 17:21:30.279] [modloading-worker-0/ERROR] [net.neoforged.neoforge.common.OnlyInWarningsHandler/]: @OnlyIn used on method dev.architectury.event.forge.EventHandlerImpl.registerServer()V
[26дек.2025 17:21:30.279] [modloading-worker-0/ERROR] [net.neoforged.neoforge.common.OnlyInWarningsHandler/]: @OnlyIn used on method dev.architectury.event.forge.EventHandlerImpl.registerClient()V
[26дек.2025 17:21:30.279] [modloading-worker-0/ERROR] [net.neoforged.neoforge.common.OnlyInWarningsHandler/]: @OnlyIn used on method dev.architectury.event.EventHandler.registerServer()V
[26дек.2025 17:21:30.279] [modloading-worker-0/ERROR] [net.neoforged.neoforge.common.OnlyInWarningsHandler/]: @OnlyIn used on method dev.architectury.event.EventHandler.registerClient()V
[26дек.2025 17:21:30.279] [modloading-worker-0/ERROR] [net.neoforged.neoforge.common.OnlyInWarningsHandler/]: @OnlyIn used on class dev.architectury.event.events.client.ClientTooltipEvent$RenderModifyPosition
[26дек.2025 17:21:30.279] [modloading-worker-0/ERROR] [net.neoforged.neoforge.common.OnlyInWarningsHandler/]: @OnlyIn used on class dev.architectury.event.events.client.ClientTooltipEvent
[26дек.2025 17:21:30.279] [modloading-worker-0/ERROR] [net.neoforged.neoforge.common.OnlyInWarningsHandler/]: @OnlyIn used on class dev.architectury.event.events.client.ClientChatEvent
[26дек.2025 17:21:30.279] [modloading-worker-0/ERROR] [net.neoforged.neoforge.common.OnlyInWarningsHandler/]: @OnlyIn used on class dev.architectury.event.events.client.ClientTooltipEvent$PositionContext
[26дек.2025 17:21:30.279] [modloading-worker-0/ERROR] [net.neoforged.neoforge.common.OnlyInWarningsHandler/]: @OnlyIn used on class dev.architectury.event.events.client.ClientGuiEvent$ScreenInitPre
[26дек.2025 17:21:30.279] [modloading-worker-0/ERROR] [net.neoforged.neoforge.common.OnlyInWarningsHandler/]: @OnlyIn used on class dev.architectury.event.events.client.ClientLifecycleEvent$ClientState
[26дек.2025 17:21:30.279] [modloading-worker-0/ERROR] [net.neoforged.neoforge.common.OnlyInWarningsHandler/]: @OnlyIn used on class dev.architectury.event.events.client.ClientTickEvent$Client
[26дек.2025 17:21:30.279] [modloading-worker-0/ERROR] [net.neoforged.neoforge.common.OnlyInWarningsHandler/]: @OnlyIn used on class dev.architectury.event.events.client.ClientScreenInputEvent
[26дек.2025 17:21:30.280] [modloading-worker-0/ERROR] [net.neoforged.neoforge.common.OnlyInWarningsHandler/]: @OnlyIn used on class dev.architectury.event.events.client.ClientRawInputEvent
[26дек.2025 17:21:30.280] [modloading-worker-0/ERROR] [net.neoforged.neoforge.common.OnlyInWarningsHandler/]: @OnlyIn used on class dev.architectury.event.events.client.ClientGuiEvent$ContainerScreenRenderBackground
[26дек.2025 17:21:30.280] [modloading-worker-0/ERROR] [net.neoforged.neoforge.common.OnlyInWarningsHandler/]: @OnlyIn used on class dev.architectury.event.events.client.ClientGuiEvent
[26дек.2025 17:21:30.280] [modloading-worker-0/ERROR] [net.neoforged.neoforge.common.OnlyInWarningsHandler/]: @OnlyIn used on class dev.architectury.event.events.client.ClientLifecycleEvent$ClientLevelState
[26дек.2025 17:21:30.280] [modloading-worker-0/ERROR] [net.neoforged.neoforge.common.OnlyInWarningsHandler/]: @OnlyIn used on class dev.architectury.event.events.client.ClientGuiEvent$ScreenInitPost
[26дек.2025 17:21:30.280] [modloading-worker-0/ERROR] [net.neoforged.neoforge.common.OnlyInWarningsHandler/]: @OnlyIn used on class dev.architectury.event.events.client.ClientPlayerEvent
[26дек.2025 17:21:30.280] [modloading-worker-0/ERROR] [net.neoforged.neoforge.common.OnlyInWarningsHandler/]: @OnlyIn used on class dev.architectury.event.events.client.ClientSystemMessageEvent
[26дек.2025 17:21:30.280] [modloading-worker-0/ERROR] [net.neoforged.neoforge.common.OnlyInWarningsHandler/]: @OnlyIn used on class dev.architectury.event.events.client.ClientChatEvent$Received
[26дек.2025 17:21:30.280] [modloading-worker-0/ERROR] [net.neoforged.neoforge.common.OnlyInWarningsHandler/]: @OnlyIn used on class dev.architectury.event.events.client.ClientGuiEvent$RenderHud
[26дек.2025 17:21:30.280] [modloading-worker-0/ERROR] [net.neoforged.neoforge.common.OnlyInWarningsHandler/]: @OnlyIn used on class dev.architectury.event.events.client.ClientGuiEvent$ContainerScreenRenderForeground
[26дек.2025 17:21:30.280] [modloading-worker-0/ERROR] [net.neoforged.neoforge.common.OnlyInWarningsHandler/]: @OnlyIn used on class dev.architectury.event.events.client.ClientGuiEvent$ScreenRenderPost
[26дек.2025 17:21:30.280] [modloading-worker-0/ERROR] [net.neoforged.neoforge.common.OnlyInWarningsHandler/]: @OnlyIn used on class dev.architectury.event.events.client.ClientPlayerEvent$ClientPlayerJoin
[26дек.2025 17:21:30.280] [modloading-worker-0/ERROR] [net.neoforged.neoforge.common.OnlyInWarningsHandler/]: @OnlyIn used on class dev.architectury.event.events.client.ClientGuiEvent$DebugText
[26дек.2025 17:21:30.280] [modloading-worker-0/ERROR] [net.neoforged.neoforge.common.OnlyInWarningsHandler/]: @OnlyIn used on class dev.architectury.event.events.client.ClientChatEvent$Send
[26дек.2025 17:21:30.280] [modloading-worker-0/ERROR] [net.neoforged.neoforge.common.OnlyInWarningsHandler/]: @OnlyIn used on class dev.architectury.event.events.client.ClientGuiEvent$SetScreen
[26дек.2025 17:21:30.280] [modloading-worker-0/ERROR] [net.neoforged.neoforge.common.OnlyInWarningsHandler/]: @OnlyIn used on class dev.architectury.event.events.client.ClientSystemMessageEvent$Received
[26дек.2025 17:21:30.280] [modloading-worker-0/ERROR] [net.neoforged.neoforge.common.OnlyInWarningsHandler/]: @OnlyIn used on class dev.architectury.event.events.client.ClientPlayerEvent$ClientPlayerRespawn
[26дек.2025 17:21:30.280] [modloading-worker-0/ERROR] [net.neoforged.neoforge.common.OnlyInWarningsHandler/]: @OnlyIn used on class dev.architectury.event.events.client.ClientGuiEvent$ScreenRenderPre
[26дек.2025 17:21:30.280] [modloading-worker-0/ERROR] [net.neoforged.neoforge.common.OnlyInWarningsHandler/]: @OnlyIn used on class dev.architectury.event.events.client.ClientTickEvent
[26дек.2025 17:21:30.280] [modloading-worker-0/ERROR] [net.neoforged.neoforge.common.OnlyInWarningsHandler/]: @OnlyIn used on class dev.architectury.event.events.client.ClientPlayerEvent$ClientPlayerQuit
[26дек.2025 17:21:30.280] [modloading-worker-0/ERROR] [net.neoforged.neoforge.common.OnlyInWarningsHandler/]: @OnlyIn used on class dev.architectury.event.events.client.ClientTooltipEvent$Render
[26дек.2025 17:21:30.280] [modloading-worker-0/ERROR] [net.neoforged.neoforge.common.OnlyInWarningsHandler/]: @OnlyIn used on class dev.architectury.event.events.client.ClientRecipeUpdateEvent
[26дек.2025 17:21:30.280] [modloading-worker-0/ERROR] [net.neoforged.neoforge.common.OnlyInWarningsHandler/]: @OnlyIn used on class dev.architectury.event.events.client.ClientTickEvent$ClientLevel
[26дек.2025 17:21:30.281] [modloading-worker-0/ERROR] [net.neoforged.neoforge.common.OnlyInWarningsHandler/]: @OnlyIn used on class dev.architectury.event.events.client.ClientTooltipEvent$Item
[26дек.2025 17:21:30.281] [modloading-worker-0/ERROR] [net.neoforged.neoforge.common.OnlyInWarningsHandler/]: @OnlyIn used on class dev.architectury.event.events.client.ClientLifecycleEvent
[26дек.2025 17:21:30.281] [modloading-worker-0/ERROR] [net.neoforged.neoforge.common.OnlyInWarningsHandler/]: @OnlyIn used on method dev.architectury.hooks.fluid.FluidStackHooks.getColor(Lnet/minecraft/world/level/material/Fluid;)I
[26дек.2025 17:21:30.281] [modloading-worker-0/ERROR] [net.neoforged.neoforge.common.OnlyInWarningsHandler/]: @OnlyIn used on method dev.architectury.hooks.fluid.FluidStackHooks.getColor(Ldev/architectury/fluid/FluidStack;)I
[26дек.2025 17:21:30.281] [modloading-worker-0/ERROR] [net.neoforged.neoforge.common.OnlyInWarningsHandler/]: @OnlyIn used on method dev.architectury.hooks.fluid.FluidStackHooks.getColor(Lnet/minecraft/world/level/BlockAndTintGetter;Lnet/minecraft/core/BlockPos;Lnet/minecraft/world/level/material/FluidState;)I
[26дек.2025 17:21:30.281] [modloading-worker-0/ERROR] [net.neoforged.neoforge.common.OnlyInWarningsHandler/]: @OnlyIn used on method dev.architectury.hooks.fluid.FluidStackHooks.getFlowingTexture(Lnet/minecraft/world/level/material/Fluid;)Lnet/minecraft/client/renderer/texture/TextureAtlasSprite;
[26дек.2025 17:21:30.281] [modloading-worker-0/ERROR] [net.neoforged.neoforge.common.OnlyInWarningsHandler/]: @OnlyIn used on method dev.architectury.hooks.fluid.FluidStackHooks.getFlowingTexture(Ldev/architectury/fluid/FluidStack;)Lnet/minecraft/client/renderer/texture/TextureAtlasSprite;
[26дек.2025 17:21:30.281] [modloading-worker-0/ERROR] [net.neoforged.neoforge.common.OnlyInWarningsHandler/]: @OnlyIn used on method dev.architectury.hooks.fluid.FluidStackHooks.getFlowingTexture(Lnet/minecraft/world/level/BlockAndTintGetter;Lnet/minecraft/core/BlockPos;Lnet/minecraft/world/level/material/FluidState;)Lnet/minecraft/client/renderer/texture/TextureAtlasSprite;
[26дек.2025 17:21:30.281] [modloading-worker-0/ERROR] [net.neoforged.neoforge.common.OnlyInWarningsHandler/]: @OnlyIn used on method dev.architectury.hooks.fluid.FluidStackHooks.getStillTexture(Lnet/minecraft/world/level/material/Fluid;)Lnet/minecraft/client/renderer/texture/TextureAtlasSprite;
[26дек.2025 17:21:30.281] [modloading-worker-0/ERROR] [net.neoforged.neoforge.common.OnlyInWarningsHandler/]: @OnlyIn used on method dev.architectury.hooks.fluid.FluidStackHooks.getStillTexture(Ldev/architectury/fluid/FluidStack;)Lnet/minecraft/client/renderer/texture/TextureAtlasSprite;
[26дек.2025 17:21:30.281] [modloading-worker-0/ERROR] [net.neoforged.neoforge.common.OnlyInWarningsHandler/]: @OnlyIn used on method dev.architectury.hooks.fluid.FluidStackHooks.getStillTexture(Lnet/minecraft/world/level/BlockAndTintGetter;Lnet/minecraft/core/BlockPos;Lnet/minecraft/world/level/material/FluidState;)Lnet/minecraft/client/renderer/texture/TextureAtlasSprite;
[26дек.2025 17:21:30.281] [modloading-worker-0/ERROR] [net.neoforged.neoforge.common.OnlyInWarningsHandler/]: @OnlyIn used on method dev.architectury.hooks.fluid.forge.FluidStackHooksImpl.getColor(Lnet/minecraft/world/level/material/Fluid;)I
[26дек.2025 17:21:30.281] [modloading-worker-0/ERROR] [net.neoforged.neoforge.common.OnlyInWarningsHandler/]: @OnlyIn used on method dev.architectury.hooks.fluid.forge.FluidStackHooksImpl.getColor(Ldev/architectury/fluid/FluidStack;)I
[26дек.2025 17:21:30.281] [modloading-worker-0/ERROR] [net.neoforged.neoforge.common.OnlyInWarningsHandler/]: @OnlyIn used on method dev.architectury.hooks.fluid.forge.FluidStackHooksImpl.getColor(Lnet/minecraft/world/level/BlockAndTintGetter;Lnet/minecraft/core/BlockPos;Lnet/minecraft/world/level/material/FluidState;)I
[26дек.2025 17:21:30.281] [modloading-worker-0/ERROR] [net.neoforged.neoforge.common.OnlyInWarningsHandler/]: @OnlyIn used on method dev.architectury.hooks.fluid.forge.FluidStackHooksImpl.getFlowingTexture(Lnet/minecraft/world/level/material/Fluid;)Lnet/minecraft/client/renderer/texture/TextureAtlasSprite;
[26дек.2025 17:21:30.281] [modloading-worker-0/ERROR] [net.neoforged.neoforge.common.OnlyInWarningsHandler/]: @OnlyIn used on method dev.architectury.hooks.fluid.forge.FluidStackHooksImpl.getFlowingTexture(Ldev/architectury/fluid/FluidStack;)Lnet/minecraft/client/renderer/texture/TextureAtlasSprite;
[26дек.2025 17:21:30.281] [modloading-worker-0/ERROR] [net.neoforged.neoforge.common.OnlyInWarningsHandler/]: @OnlyIn used on method dev.architectury.hooks.fluid.forge.FluidStackHooksImpl.getFlowingTexture(Lnet/minecraft/world/level/BlockAndTintGetter;Lnet/minecraft/core/BlockPos;Lnet/minecraft/world/level/material/FluidState;)Lnet/minecraft/client/renderer/texture/TextureAtlasSprite;
[26дек.2025 17:21:30.281] [modloading-worker-0/ERROR] [net.neoforged.neoforge.common.OnlyInWarningsHandler/]: @OnlyIn used on method dev.architectury.hooks.fluid.forge.FluidStackHooksImpl.getStillTexture(Lnet/minecraft/world/level/material/Fluid;)Lnet/minecraft/client/renderer/texture/TextureAtlasSprite;
[26дек.2025 17:21:30.281] [modloading-worker-0/ERROR] [net.neoforged.neoforge.common.OnlyInWarningsHandler/]: @OnlyIn used on method dev.architectury.hooks.fluid.forge.FluidStackHooksImpl.getStillTexture(Ldev/architectury/fluid/FluidStack;)Lnet/minecraft/client/renderer/texture/TextureAtlasSprite;
[26дек.2025 17:21:30.282] [modloading-worker-0/ERROR] [net.neoforged.neoforge.common.OnlyInWarningsHandler/]: @OnlyIn used on method dev.architectury.hooks.fluid.forge.FluidStackHooksImpl.getStillTexture(Lnet/minecraft/world/level/BlockAndTintGetter;Lnet/minecraft/core/BlockPos;Lnet/minecraft/world/level/material/FluidState;)Lnet/minecraft/client/renderer/texture/TextureAtlasSprite;
[26дек.2025 17:21:30.282] [modloading-worker-0/ERROR] [net.neoforged.neoforge.common.OnlyInWarningsHandler/]: @OnlyIn used on class dev.architectury.hooks.client.screen.ScreenHooks
[26дек.2025 17:21:30.291] [modloading-worker-0/INFO] [net.neoforged.neoforge.common.NeoForgeMod/NEOFORGE-MOD]: NeoForge mod loading, version 21.8.51, for MC 1.21.8
[26дек.2025 17:21:30.590] [Render thread/WARN] [net.minecraft.server.packs.VanillaPackResourcesBuilder/]: Assets URL 'union:/Users/arseniyradaev/.gradle/caches/fabric-loom/minecraftMaven/net/minecraft/neoforge-21.8.51-minecraft-merged/1.21.8-loom.mappings.1_21_8.layered+hash.40359-v2-neoforge-21.8.51/neoforge-21.8.51-minecraft-merged-1.21.8-loom.mappings.1_21_8.layered+hash.40359-v2-neoforge-21.8.51.jar%23218!/assets/.mcassetsroot' uses unexpected schema
[26дек.2025 17:21:30.591] [Render thread/WARN] [net.minecraft.server.packs.VanillaPackResourcesBuilder/]: Assets URL 'union:/Users/arseniyradaev/.gradle/caches/fabric-loom/minecraftMaven/net/minecraft/neoforge-21.8.51-minecraft-merged/1.21.8-loom.mappings.1_21_8.layered+hash.40359-v2-neoforge-21.8.51/neoforge-21.8.51-minecraft-merged-1.21.8-loom.mappings.1_21_8.layered+hash.40359-v2-neoforge-21.8.51.jar%23218!/data/.mcassetsroot' uses unexpected schema
[26дек.2025 17:21:30.605] [Render thread/INFO] [com.mojang.authlib.yggdrasil.YggdrasilAuthenticationService/]: Environment: Environment[sessionHost=https://sessionserver.mojang.com, servicesHost=https://api.minecraftservices.com, name=PROD]
[26дек.2025 17:21:30.612] [Render thread/INFO] [net.minecraft.client.Minecraft/]: Setting user: Dev
[26дек.2025 17:21:30.676] [Render thread/INFO] [net.minecraft.client.Minecraft/]: Backend library: LWJGL version 3.3.3+5
[26дек.2025 17:21:30.987] [Render thread/INFO] [net.minecraft.client.Minecraft/]: Using optional rendering extensions: 
[26дек.2025 17:21:32.127] [Render thread/INFO] [net.minecraft.server.packs.resources.ReloadableResourceManager/]: Reloading ResourceManager: vanilla, mod_resources, mod/generated_414cf87, mod/cloth_config, mod/architectury, mod/itemflicker, mod/neoforge
[26дек.2025 17:21:32.158] [resourceLoad/INFO] [net.minecraft.client.gui.font.providers.UnihexProvider/]: Found unifont_pua-16.0.03.hex, loading
[26дек.2025 17:21:32.159] [resourceLoad/INFO] [net.minecraft.client.gui.font.providers.UnihexProvider/]: Found unifont_all_no_pua-16.0.03.hex, loading
[26дек.2025 17:21:32.203] [resourceLoad/INFO] [net.minecraft.client.gui.font.providers.UnihexProvider/]: Found unifont_jp_patch-16.0.03.hex, loading
[26дек.2025 17:21:32.959] [Render thread/INFO] [com.mojang.blaze3d.opengl.GlProgram/]: Info log when linking program containing VS minecraft:core/rendertype_entity_shadow and FS minecraft:core/rendertype_entity_shadow. Log output: WARNING: Could not find vertex shader attribute 'UV1' to match BindAttributeLocation request.
WARNING: Could not find vertex shader attribute 'Normal' to match BindAttributeLocation request.
WARNING: Could not find vertex shader attribute 'UV2' to match BindAttributeLocation request.

[26дек.2025 17:21:32.961] [Render thread/INFO] [com.mojang.blaze3d.opengl.GlProgram/]: Info log when linking program containing VS minecraft:core/rendertype_entity_alpha and FS minecraft:core/rendertype_entity_alpha. Log output: WARNING: Could not find vertex shader attribute 'Normal' to match BindAttributeLocation request.
WARNING: Output of vertex shader 'texCoord1' not read by fragment shader
WARNING: Output of vertex shader 'texCoord2' not read by fragment shader

[26дек.2025 17:21:32.964] [Render thread/INFO] [com.mojang.blaze3d.opengl.GlProgram/]: Info log when linking program containing VS minecraft:core/rendertype_item_entity_translucent_cull and FS minecraft:core/rendertype_item_entity_translucent_cull. Log output: WARNING: Output of vertex shader 'texCoord1' not read by fragment shader
WARNING: Output of vertex shader 'texCoord2' not read by fragment shader

[26дек.2025 17:21:32.971] [Render thread/INFO] [com.mojang.blaze3d.opengl.GlProgram/]: Info log when linking program containing VS minecraft:core/entity and FS minecraft:core/entity. Log output: WARNING: Could not find vertex shader attribute 'UV2' to match BindAttributeLocation request.

[26дек.2025 17:21:32.987] [Render thread/INFO] [com.mojang.blaze3d.opengl.GlProgram/]: Info log when linking program containing VS minecraft:core/entity and FS minecraft:core/entity. Log output: WARNING: Could not find vertex shader attribute 'Normal' to match BindAttributeLocation request.
WARNING: Could not find vertex shader attribute 'UV2' to match BindAttributeLocation request.
WARNING: Output of vertex shader 'overlayColor' not read by fragment shader

[26дек.2025 17:21:32.993] [Render thread/INFO] [com.mojang.blaze3d.opengl.GlProgram/]: Info log when linking program containing VS minecraft:core/terrain and FS minecraft:core/terrain. Log output: WARNING: Could not find vertex shader attribute 'Normal' to match BindAttributeLocation request.

[26дек.2025 17:21:32.997] [Render thread/INFO] [com.mojang.blaze3d.opengl.GlProgram/]: Info log when linking program containing VS minecraft:core/rendertype_text_see_through and FS minecraft:core/rendertype_text_see_through. Log output: WARNING: Could not find vertex shader attribute 'UV2' to match BindAttributeLocation request.

[26дек.2025 17:21:33.000] [Render thread/INFO] [com.mojang.blaze3d.opengl.GlProgram/]: Info log when linking program containing VS minecraft:core/entity and FS minecraft:core/entity. Log output: WARNING: Could not find vertex shader attribute 'Normal' to match BindAttributeLocation request.
WARNING: Output of vertex shader 'overlayColor' not read by fragment shader

[26дек.2025 17:21:33.005] [Render thread/INFO] [com.mojang.blaze3d.opengl.GlProgram/]: Info log when linking program containing VS minecraft:core/rendertype_translucent_moving_block and FS minecraft:core/rendertype_translucent_moving_block. Log output: WARNING: Could not find vertex shader attribute 'Normal' to match BindAttributeLocation request.

[26дек.2025 17:21:33.013] [Render thread/INFO] [com.mojang.blaze3d.opengl.GlProgram/]: Info log when linking program containing VS minecraft:core/rendertype_beacon_beam and FS minecraft:core/rendertype_beacon_beam. Log output: WARNING: Could not find vertex shader attribute 'Normal' to match BindAttributeLocation request.
WARNING: Could not find vertex shader attribute 'UV2' to match BindAttributeLocation request.

[26дек.2025 17:21:33.019] [Render thread/INFO] [com.mojang.blaze3d.opengl.GlProgram/]: Info log when linking program containing VS minecraft:core/terrain and FS minecraft:core/terrain. Log output: WARNING: Could not find vertex shader attribute 'Normal' to match BindAttributeLocation request.

[26дек.2025 17:21:33.021] [Render thread/INFO] [com.mojang.blaze3d.opengl.GlProgram/]: Info log when linking program containing VS minecraft:core/entity and FS minecraft:core/entity. Log output: WARNING: Output of vertex shader 'overlayColor' not read by fragment shader

[26дек.2025 17:21:33.023] [Render thread/INFO] [com.mojang.blaze3d.opengl.GlProgram/]: Info log when linking program containing VS minecraft:core/terrain and FS minecraft:core/terrain. Log output: WARNING: Could not find vertex shader attribute 'Normal' to match BindAttributeLocation request.

[26дек.2025 17:21:33.026] [Render thread/INFO] [com.mojang.blaze3d.opengl.GlProgram/]: Info log when linking program containing VS minecraft:core/terrain and FS minecraft:core/terrain. Log output: WARNING: Could not find vertex shader attribute 'Normal' to match BindAttributeLocation request.

[26дек.2025 17:21:33.027] [Render thread/INFO] [com.mojang.blaze3d.opengl.GlProgram/]: Info log when linking program containing VS minecraft:core/entity and FS minecraft:core/entity. Log output: WARNING: Output of vertex shader 'overlayColor' not read by fragment shader

[26дек.2025 17:21:33.028] [Render thread/INFO] [com.mojang.blaze3d.opengl.GlProgram/]: Info log when linking program containing VS minecraft:core/rendertype_beacon_beam and FS minecraft:core/rendertype_beacon_beam. Log output: WARNING: Could not find vertex shader attribute 'Normal' to match BindAttributeLocation request.
WARNING: Could not find vertex shader attribute 'UV2' to match BindAttributeLocation request.

[26дек.2025 17:21:33.031] [Render thread/INFO] [com.mojang.blaze3d.opengl.GlProgram/]: Info log when linking program containing VS minecraft:core/entity and FS minecraft:core/entity. Log output: WARNING: Output of vertex shader 'overlayColor' not read by fragment shader

[26дек.2025 17:21:33.033] [Render thread/INFO] [com.mojang.blaze3d.opengl.GlProgram/]: Info log when linking program containing VS minecraft:core/entity and FS minecraft:core/entity. Log output: WARNING: Could not find vertex shader attribute 'Normal' to match BindAttributeLocation request.
WARNING: Could not find vertex shader attribute 'UV2' to match BindAttributeLocation request.
WARNING: Output of vertex shader 'overlayColor' not read by fragment shader

[26дек.2025 17:21:33.041] [Render thread/INFO] [com.mojang.blaze3d.opengl.GlProgram/]: Info log when linking program containing VS minecraft:core/rendertype_crumbling and FS minecraft:core/rendertype_crumbling. Log output: WARNING: Could not find vertex shader attribute 'Normal' to match BindAttributeLocation request.
WARNING: Output of vertex shader 'texCoord2' not read by fragment shader

[26дек.2025 17:21:33.042] [Render thread/INFO] [com.mojang.blaze3d.opengl.GlProgram/]: Info log when linking program containing VS minecraft:core/rendertype_text_background_see_through and FS minecraft:core/rendertype_text_background_see_through. Log output: WARNING: Could not find vertex shader attribute 'UV2' to match BindAttributeLocation request.

[26дек.2025 17:21:33.044] [Render thread/INFO] [com.mojang.blaze3d.opengl.GlProgram/]: Info log when linking program containing VS minecraft:core/terrain and FS minecraft:core/terrain. Log output: WARNING: Could not find vertex shader attribute 'Normal' to match BindAttributeLocation request.

[26дек.2025 17:21:33.048] [Render thread/INFO] [com.mojang.blaze3d.opengl.GlProgram/]: Info log when linking program containing VS minecraft:core/terrain and FS minecraft:core/terrain. Log output: WARNING: Could not find vertex shader attribute 'Normal' to match BindAttributeLocation request.

[26дек.2025 17:21:33.049] [Render thread/INFO] [com.mojang.blaze3d.opengl.GlProgram/]: Info log when linking program containing VS minecraft:core/rendertype_text_intensity_see_through and FS minecraft:core/rendertype_text_intensity_see_through. Log output: WARNING: Could not find vertex shader attribute 'UV2' to match BindAttributeLocation request.

[26дек.2025 17:21:33.058] [Render thread/INFO] [com.mojang.blaze3d.opengl.GlProgram/]: Info log when linking program containing VS minecraft:core/entity and FS minecraft:core/entity. Log output: WARNING: Output of vertex shader 'overlayColor' not read by fragment shader

[26дек.2025 17:21:33.061] [Render thread/INFO] [com.mojang.blaze3d.opengl.GlProgram/]: Info log when linking program containing VS minecraft:core/entity and FS minecraft:core/entity. Log output: WARNING: Could not find vertex shader attribute 'Normal' to match BindAttributeLocation request.

[26дек.2025 17:21:33.114] [Render thread/INFO] [com.mojang.blaze3d.audio.Library/]: OpenAL initialized on device Динамики MacBook Pro
[26дек.2025 17:21:33.118] [Render thread/INFO] [net.minecraft.client.sounds.SoundEngine/SOUNDS]: Sound engine started
[26дек.2025 17:21:33.178] [Render thread/INFO] [net.minecraft.client.renderer.texture.TextureAtlas/]: Created: 1024x512x4 minecraft:textures/atlas/blocks.png-atlas
[26дек.2025 17:21:33.189] [Render thread/INFO] [net.minecraft.client.renderer.texture.TextureAtlas/]: Created: 256x256x4 minecraft:textures/atlas/signs.png-atlas
[26дек.2025 17:21:33.190] [Render thread/INFO] [net.minecraft.client.renderer.texture.TextureAtlas/]: Created: 512x512x4 minecraft:textures/atlas/shield_patterns.png-atlas
[26дек.2025 17:21:33.190] [Render thread/INFO] [net.minecraft.client.renderer.texture.TextureAtlas/]: Created: 512x512x4 minecraft:textures/atlas/banner_patterns.png-atlas
[26дек.2025 17:21:33.191] [Render thread/INFO] [net.minecraft.client.renderer.texture.TextureAtlas/]: Created: 2048x1024x4 minecraft:textures/atlas/armor_trims.png-atlas
[26дек.2025 17:21:33.195] [Render thread/INFO] [net.minecraft.client.renderer.texture.TextureAtlas/]: Created: 128x64x4 minecraft:textures/atlas/decorated_pot.png-atlas
[26дек.2025 17:21:33.196] [Render thread/INFO] [net.minecraft.client.renderer.texture.TextureAtlas/]: Created: 256x256x4 minecraft:textures/atlas/chest.png-atlas
[26дек.2025 17:21:33.196] [Render thread/INFO] [net.minecraft.client.renderer.texture.TextureAtlas/]: Created: 512x256x4 minecraft:textures/atlas/beds.png-atlas
[26дек.2025 17:21:33.196] [Render thread/INFO] [net.minecraft.client.renderer.texture.TextureAtlas/]: Created: 512x256x4 minecraft:textures/atlas/shulker_boxes.png-atlas
[26дек.2025 17:21:33.198] [Render thread/INFO] [net.minecraft.client.renderer.texture.TextureAtlas/]: Created: 64x64x0 minecraft:textures/atlas/map_decorations.png-atlas
[26дек.2025 17:21:33.200] [Render thread/INFO] [net.neoforged.neoforge.client.entity.animation.json.AnimationLoader/]: Loaded 0 entity animations
[26дек.2025 17:21:33.295] [Render thread/INFO] [net.minecraft.client.renderer.texture.TextureAtlas/]: Created: 512x256x0 minecraft:textures/atlas/particles.png-atlas
[26дек.2025 17:21:33.296] [Render thread/INFO] [net.minecraft.client.renderer.texture.TextureAtlas/]: Created: 512x256x0 minecraft:textures/atlas/paintings.png-atlas
[26дек.2025 17:21:33.297] [Render thread/INFO] [net.minecraft.client.renderer.texture.TextureAtlas/]: Created: 1024x512x0 minecraft:textures/atlas/gui.png-atlas
[26дек.2025 17:21:36.470] [Render thread/INFO] [net.minecraft.client.Minecraft/]: Stopping!
